#
# There is insufficient memory for the Java Runtime Environment to continue.
# Native memory allocation (malloc) failed to allocate 1153296 bytes. Error detail: Chunk::new
# Possible reasons:
#   The system is out of physical RAM or swap space
#   This process is running with CompressedOops enabled, and the Java Heap may be blocking the growth of the native heap
# Possible solutions:
#   Reduce memory load on the system
#   Increase physical memory or swap space
#   Check if swap backing store is full
#   Decrease Java heap size (-Xmx/-Xms)
#   Decrease number of Java threads
#   Decrease Java thread stack sizes (-Xss)
#   Set larger code cache with -XX:ReservedCodeCacheSize=
#   JVM is running with Unscaled Compressed Oops mode in which the Java heap is
#     placed in the first 4GB address space. The Java Heap base address is the
#     maximum limit for the native heap growth. Please use -XX:HeapBaseMinAddress
#     to set the Java Heap base and to place the Java Heap above 4GB virtual address.
# This output file may be truncated or incomplete.
#
#  Out of Memory Error (arena.cpp:168), pid=7140, tid=7396
#
# JRE version: OpenJDK Runtime Environment Temurin-21.0.8+9 (21.0.8+9) (build 21.0.8+9-LTS)
# Java VM: OpenJDK 64-Bit Server VM Temurin-21.0.8+9 (21.0.8+9-LTS, mixed mode, sharing, tiered, compressed oops, compressed class ptrs, g1 gc, windows-amd64)
# No core dump will be written. Minidumps are not enabled by default on client versions of Windows
#

---------------  S U M M A R Y ------------

Command Line: -Dfile.encoding=UTF-8 -Dstdout.encoding=UTF-8 -Dstderr.encoding=UTF-8 -XX:+ShowCodeDetailsInExceptionMessages practice_HRMS.OrangeHRMSkillsTest

Host: Intel(R) Core(TM) i3-2328M CPU @ 2.20GHz, 4 cores, 5G,  Windows 11 , 64 bit Build 22621 (10.0.22621.3958)
Time: Thu Nov 27 17:19:04 2025 India Standard Time elapsed time: 7.478281 seconds (0d 0h 0m 7s)

---------------  T H R E A D  ---------------

Current thread (0x00000170e43f19e0):  JavaThread "C2 CompilerThread0" daemon [_thread_in_native, id=7396, stack(0x000000092b200000,0x000000092b300000) (1024K)]


Current CompileTask:
C2:7478 1900       4       java.lang.invoke.MethodType::makeImpl (109 bytes)

Stack: [0x000000092b200000,0x000000092b300000]
Native frames: (J=compiled Java code, j=interpreted, Vv=VM code, C=native code)
V  [jvm.dll+0x6d2449]
V  [jvm.dll+0x8ae341]
V  [jvm.dll+0x8b08be]
V  [jvm.dll+0x8b0fa3]
V  [jvm.dll+0x280c96]
V  [jvm.dll+0xc581d]
V  [jvm.dll+0xc5d53]
V  [jvm.dll+0x2f539d]
V  [jvm.dll+0x5fa00a]
V  [jvm.dll+0x252092]
V  [jvm.dll+0x25244f]
V  [jvm.dll+0x24ad14]
V  [jvm.dll+0x2483a4]
V  [jvm.dll+0x1c89ee]
V  [jvm.dll+0x257d4d]
V  [jvm.dll+0x2562ea]
V  [jvm.dll+0x3f2d16]
V  [jvm.dll+0x857e6b]
V  [jvm.dll+0x6d0b0d]
C  [ucrtbase.dll+0x29333]
C  [KERNEL32.DLL+0x1257d]
C  [ntdll.dll+0x5af08]


---------------  P R O C E S S  ---------------

Threads class SMR info:
_java_thread_list=0x00000170e45163a0, length=26, elements={
0x00000170cb722790, 0x00000170e43d6670, 0x00000170e43d9010, 0x00000170e43db980,
0x00000170e43de690, 0x00000170e43e01d0, 0x00000170e43e0c20, 0x00000170e43f19e0,
0x00000170e43f8250, 0x00000170e4631df0, 0x00000170e463a1a0, 0x00000170e92418f0,
0x00000170e9d7f860, 0x00000170e9c587d0, 0x00000170ea145f30, 0x00000170ea146590,
0x00000170ea147c00, 0x00000170e9d36ce0, 0x00000170ea2bc590, 0x00000170ea315cd0,
0x00000170ea316360, 0x00000170ea3169f0, 0x00000170ea315640, 0x00000170e9ce6d50,
0x00000170e9ce3f60, 0x00000170e9f111b0
}

Java Threads: ( => current thread )
  0x00000170cb722790 JavaThread "Forwarding maximizeCurrentWindow on session 37e67231f5b811e338b9278dd728aab5 to remote"        [_thread_blocked, id=1940, stack(0x000000092a400000,0x000000092a500000) (1024K)]
  0x00000170e43d6670 JavaThread "Reference Handler"          daemon [_thread_blocked, id=1344, stack(0x000000092ac00000,0x000000092ad00000) (1024K)]
  0x00000170e43d9010 JavaThread "Finalizer"                  daemon [_thread_blocked, id=10680, stack(0x000000092ad00000,0x000000092ae00000) (1024K)]
  0x00000170e43db980 JavaThread "Signal Dispatcher"          daemon [_thread_blocked, id=3436, stack(0x000000092ae00000,0x000000092af00000) (1024K)]
  0x00000170e43de690 JavaThread "Attach Listener"            daemon [_thread_blocked, id=6396, stack(0x000000092af00000,0x000000092b000000) (1024K)]
  0x00000170e43e01d0 JavaThread "Service Thread"             daemon [_thread_blocked, id=19380, stack(0x000000092b000000,0x000000092b100000) (1024K)]
  0x00000170e43e0c20 JavaThread "Monitor Deflation Thread"   daemon [_thread_blocked, id=3000, stack(0x000000092b100000,0x000000092b200000) (1024K)]
=>0x00000170e43f19e0 JavaThread "C2 CompilerThread0"         daemon [_thread_in_native, id=7396, stack(0x000000092b200000,0x000000092b300000) (1024K)]
  0x00000170e43f8250 JavaThread "C1 CompilerThread0"         daemon [_thread_blocked, id=840, stack(0x000000092b300000,0x000000092b400000) (1024K)]
  0x00000170e4631df0 JavaThread "Notification Thread"        daemon [_thread_blocked, id=8472, stack(0x000000092b400000,0x000000092b500000) (1024K)]
  0x00000170e463a1a0 JavaThread "Common-Cleaner"             daemon [_thread_blocked, id=12204, stack(0x000000092b500000,0x000000092b600000) (1024K)]
  0x00000170e92418f0 JavaThread "ForkJoinPool.commonPool-worker-1" daemon [_thread_blocked, id=3128, stack(0x000000092b600000,0x000000092b700000) (1024K)]
  0x00000170e9d7f860 JavaThread "HttpClient-1-SelectorManager" daemon [_thread_in_native, id=14632, stack(0x000000092bb00000,0x000000092bc00000) (1024K)]
  0x00000170e9c587d0 JavaThread "External Process Output Forwarder - C:\Users\imssm\.cache\selenium\chromedriver\win64\142.0.7444.175\chromedriver.exe" daemon [_thread_in_native, id=7988, stack(0x000000092bc00000,0x000000092bd00000) (1024K)]
  0x00000170ea145f30 JavaThread "Driver Service Executor"    daemon [_thread_blocked, id=6648, stack(0x000000092bd00000,0x000000092be00000) (1024K)]
  0x00000170ea146590 JavaThread "Driver Service Executor"    daemon [_thread_in_native, id=8408, stack(0x000000092be00000,0x000000092bf00000) (1024K)]
  0x00000170ea147c00 JavaThread "UrlChecker-2"               daemon [_thread_blocked, id=4196, stack(0x000000092bf00000,0x000000092c000000) (1024K)]
  0x00000170e9d36ce0 JavaThread "Keep-Alive-Timer"           daemon [_thread_blocked, id=6172, stack(0x000000092c100000,0x000000092c200000) (1024K)]
  0x00000170ea2bc590 JavaThread "JdkHttpClient-0-0"          daemon [_thread_blocked, id=8004, stack(0x000000092c200000,0x000000092c300000) (1024K)]
  0x00000170ea315cd0 JavaThread "JdkHttpClient-0-1"          daemon [_thread_blocked, id=9736, stack(0x000000092c300000,0x000000092c400000) (1024K)]
  0x00000170ea316360 JavaThread "JdkHttpClient-0-2"          daemon [_thread_blocked, id=12852, stack(0x000000092c400000,0x000000092c500000) (1024K)]
  0x00000170ea3169f0 JavaThread "HttpClient-2-SelectorManager" daemon [_thread_in_native, id=17064, stack(0x000000092c500000,0x000000092c600000) (1024K)]
  0x00000170ea315640 JavaThread "JdkHttpClient-1-0"          daemon [_thread_blocked, id=9852, stack(0x000000092c600000,0x000000092c700000) (1024K)]
  0x00000170e9ce6d50 JavaThread "JdkHttpClient-1-1"          daemon [_thread_blocked, id=18364, stack(0x000000092c700000,0x000000092c800000) (1024K)]
  0x00000170e9ce3f60 JavaThread "JdkHttpClient-1-2"          daemon [_thread_blocked, id=8788, stack(0x000000092c800000,0x000000092c900000) (1024K)]
  0x00000170e9f111b0 JavaThread "C2 CompilerThread1"         daemon [_thread_in_native, id=15372, stack(0x000000092c900000,0x000000092ca00000) (1024K)]
Total: 26

Other Threads:
  0x00000170e43bac00 VMThread "VM Thread"                           [id=15712, stack(0x000000092ab00000,0x000000092ac00000) (1024K)]
  0x00000170e43a6100 WatcherThread "VM Periodic Task Thread"        [id=10608, stack(0x000000092aa00000,0x000000092ab00000) (1024K)]
  0x00000170cd9e8980 WorkerThread "GC Thread#0"                     [id=9156, stack(0x000000092a500000,0x000000092a600000) (1024K)]
  0x00000170e93d46f0 WorkerThread "GC Thread#1"                     [id=13348, stack(0x000000092b700000,0x000000092b800000) (1024K)]
  0x00000170e93ff670 WorkerThread "GC Thread#2"                     [id=8292, stack(0x000000092b800000,0x000000092b900000) (1024K)]
  0x00000170e9baf920 WorkerThread "GC Thread#3"                     [id=9912, stack(0x000000092b900000,0x000000092ba00000) (1024K)]
  0x00000170cd9f4c60 ConcurrentGCThread "G1 Main Marker"            [id=14880, stack(0x000000092a600000,0x000000092a700000) (1024K)]
  0x00000170cd9f60b0 WorkerThread "G1 Conc#0"                       [id=17856, stack(0x000000092a700000,0x000000092a800000) (1024K)]
  0x00000170e42784f0 ConcurrentGCThread "G1 Refine#0"               [id=6404, stack(0x000000092a800000,0x000000092a900000) (1024K)]
  0x00000170e4279060 ConcurrentGCThread "G1 Service"                [id=8444, stack(0x000000092a900000,0x000000092aa00000) (1024K)]
Total: 10

Threads with active compile tasks:
C2 CompilerThread0  7617 1900       4       java.lang.invoke.MethodType::makeImpl (109 bytes)
C2 CompilerThread1  7617 2002       4       java.lang.invoke.MethodType::methodType (69 bytes)
Total: 2

VM state: not at safepoint (normal execution)

VM Mutex/Monitor currently owned by a thread: None

Heap address: 0x00000000a6800000, size: 1432 MB, Compressed Oops mode: 32-bit

CDS archive(s) mapped at: [0x0000017080000000-0x0000017080c80000-0x0000017080c80000), size 13107200, SharedBaseAddress: 0x0000017080000000, ArchiveRelocationMode: 1.
Compressed class space mapped at: 0x0000017081000000-0x00000170c1000000, reserved size: 1073741824
Narrow klass base: 0x0000017080000000, Narrow klass shift: 0, Narrow klass range: 0x100000000

GC Precious Log:
 CardTable entry size: 512
 Card Set container configuration: InlinePtr #cards 5 size 8 Array Of Cards #cards 12 size 40 Howl #buckets 4 coarsen threshold 1843 Howl Bitmap #cards 512 size 80 coarsen threshold 460 Card regions per heap region 1 cards per card region 2048
 CPUs: 4 total, 4 available
 Memory: 5726M
 Large Page Support: Disabled
 NUMA Support: Disabled
 Compressed Oops: Enabled (32-bit)
 Heap Region Size: 1M
 Heap Min Capacity: 8M
 Heap Initial Capacity: 90M
 Heap Max Capacity: 1432M
 Pre-touch: Disabled
 Parallel Workers: 4
 Concurrent Workers: 1
 Concurrent Refinement Workers: 4
 Periodic GC: Disabled

Heap:
 garbage-first heap   total 92160K, used 24990K [0x00000000a6800000, 0x0000000100000000)
  region size 1024K, 14 young (14336K), 3 survivors (3072K)
 Metaspace       used 12341K, committed 12736K, reserved 1114112K
  class space    used 1483K, committed 1664K, reserved 1048576K

Heap Regions: E=young(eden), S=young(survivor), O=old, HS=humongous(starts), HC=humongous(continues), CS=collection set, F=free, TAMS=top-at-mark-start, PB=parsable bottom
|   0|0x00000000a6800000, 0x00000000a6900000, 0x00000000a6900000|100%| O|  |TAMS 0x00000000a6800000| PB 0x00000000a6800000| Untracked 
|   1|0x00000000a6900000, 0x00000000a6a00000, 0x00000000a6a00000|100%| O|  |TAMS 0x00000000a6900000| PB 0x00000000a6900000| Untracked 
|   2|0x00000000a6a00000, 0x00000000a6b00000, 0x00000000a6b00000|100%| O|  |TAMS 0x00000000a6a00000| PB 0x00000000a6a00000| Untracked 
|   3|0x00000000a6b00000, 0x00000000a6c00000, 0x00000000a6c00000|100%| O|  |TAMS 0x00000000a6b00000| PB 0x00000000a6b00000| Untracked 
|   4|0x00000000a6c00000, 0x00000000a6d00000, 0x00000000a6d00000|100%| O|  |TAMS 0x00000000a6c00000| PB 0x00000000a6c00000| Untracked 
|   5|0x00000000a6d00000, 0x00000000a6e00000, 0x00000000a6e00000|100%| O|  |TAMS 0x00000000a6d00000| PB 0x00000000a6d00000| Untracked 
|   6|0x00000000a6e00000, 0x00000000a6f00000, 0x00000000a6f00000|100%| O|  |TAMS 0x00000000a6e00000| PB 0x00000000a6e00000| Untracked 
|   7|0x00000000a6f00000, 0x00000000a7000000, 0x00000000a7000000|100%| O|  |TAMS 0x00000000a6f00000| PB 0x00000000a6f00000| Untracked 
|   8|0x00000000a7000000, 0x00000000a7100000, 0x00000000a7100000|100%| O|  |TAMS 0x00000000a7000000| PB 0x00000000a7000000| Untracked 
|   9|0x00000000a7100000, 0x00000000a7200000, 0x00000000a7200000|100%| O|  |TAMS 0x00000000a7100000| PB 0x00000000a7100000| Untracked 
|  10|0x00000000a7200000, 0x00000000a7300000, 0x00000000a7300000|100%| O|  |TAMS 0x00000000a7200000| PB 0x00000000a7200000| Untracked 
|  11|0x00000000a7300000, 0x00000000a73d4208, 0x00000000a7400000| 82%| O|  |TAMS 0x00000000a7300000| PB 0x00000000a7300000| Untracked 
|  12|0x00000000a7400000, 0x00000000a7400000, 0x00000000a7500000|  0%| F|  |TAMS 0x00000000a7400000| PB 0x00000000a7400000| Untracked 
|  13|0x00000000a7500000, 0x00000000a7500000, 0x00000000a7600000|  0%| F|  |TAMS 0x00000000a7500000| PB 0x00000000a7500000| Untracked 
|  14|0x00000000a7600000, 0x00000000a7600000, 0x00000000a7700000|  0%| F|  |TAMS 0x00000000a7600000| PB 0x00000000a7600000| Untracked 
|  15|0x00000000a7700000, 0x00000000a7700000, 0x00000000a7800000|  0%| F|  |TAMS 0x00000000a7700000| PB 0x00000000a7700000| Untracked 
|  16|0x00000000a7800000, 0x00000000a7800000, 0x00000000a7900000|  0%| F|  |TAMS 0x00000000a7800000| PB 0x00000000a7800000| Untracked 
|  17|0x00000000a7900000, 0x00000000a7900000, 0x00000000a7a00000|  0%| F|  |TAMS 0x00000000a7900000| PB 0x00000000a7900000| Untracked 
|  18|0x00000000a7a00000, 0x00000000a7a00000, 0x00000000a7b00000|  0%| F|  |TAMS 0x00000000a7a00000| PB 0x00000000a7a00000| Untracked 
|  19|0x00000000a7b00000, 0x00000000a7b00000, 0x00000000a7c00000|  0%| F|  |TAMS 0x00000000a7b00000| PB 0x00000000a7b00000| Untracked 
|  20|0x00000000a7c00000, 0x00000000a7c00000, 0x00000000a7d00000|  0%| F|  |TAMS 0x00000000a7c00000| PB 0x00000000a7c00000| Untracked 
|  21|0x00000000a7d00000, 0x00000000a7d00000, 0x00000000a7e00000|  0%| F|  |TAMS 0x00000000a7d00000| PB 0x00000000a7d00000| Untracked 
|  22|0x00000000a7e00000, 0x00000000a7e00000, 0x00000000a7f00000|  0%| F|  |TAMS 0x00000000a7e00000| PB 0x00000000a7e00000| Untracked 
|  23|0x00000000a7f00000, 0x00000000a7f00000, 0x00000000a8000000|  0%| F|  |TAMS 0x00000000a7f00000| PB 0x00000000a7f00000| Untracked 
|  24|0x00000000a8000000, 0x00000000a8000000, 0x00000000a8100000|  0%| F|  |TAMS 0x00000000a8000000| PB 0x00000000a8000000| Untracked 
|  25|0x00000000a8100000, 0x00000000a8100000, 0x00000000a8200000|  0%| F|  |TAMS 0x00000000a8100000| PB 0x00000000a8100000| Untracked 
|  26|0x00000000a8200000, 0x00000000a8200000, 0x00000000a8300000|  0%| F|  |TAMS 0x00000000a8200000| PB 0x00000000a8200000| Untracked 
|  27|0x00000000a8300000, 0x00000000a8300000, 0x00000000a8400000|  0%| F|  |TAMS 0x00000000a8300000| PB 0x00000000a8300000| Untracked 
|  28|0x00000000a8400000, 0x00000000a8400000, 0x00000000a8500000|  0%| F|  |TAMS 0x00000000a8400000| PB 0x00000000a8400000| Untracked 
|  29|0x00000000a8500000, 0x00000000a8500000, 0x00000000a8600000|  0%| F|  |TAMS 0x00000000a8500000| PB 0x00000000a8500000| Untracked 
|  30|0x00000000a8600000, 0x00000000a8600000, 0x00000000a8700000|  0%| F|  |TAMS 0x00000000a8600000| PB 0x00000000a8600000| Untracked 
|  31|0x00000000a8700000, 0x00000000a8700000, 0x00000000a8800000|  0%| F|  |TAMS 0x00000000a8700000| PB 0x00000000a8700000| Untracked 
|  32|0x00000000a8800000, 0x00000000a8800000, 0x00000000a8900000|  0%| F|  |TAMS 0x00000000a8800000| PB 0x00000000a8800000| Untracked 
|  33|0x00000000a8900000, 0x00000000a8900000, 0x00000000a8a00000|  0%| F|  |TAMS 0x00000000a8900000| PB 0x00000000a8900000| Untracked 
|  34|0x00000000a8a00000, 0x00000000a8a00000, 0x00000000a8b00000|  0%| F|  |TAMS 0x00000000a8a00000| PB 0x00000000a8a00000| Untracked 
|  35|0x00000000a8b00000, 0x00000000a8b00000, 0x00000000a8c00000|  0%| F|  |TAMS 0x00000000a8b00000| PB 0x00000000a8b00000| Untracked 
|  36|0x00000000a8c00000, 0x00000000a8c00000, 0x00000000a8d00000|  0%| F|  |TAMS 0x00000000a8c00000| PB 0x00000000a8c00000| Untracked 
|  37|0x00000000a8d00000, 0x00000000a8d00000, 0x00000000a8e00000|  0%| F|  |TAMS 0x00000000a8d00000| PB 0x00000000a8d00000| Untracked 
|  38|0x00000000a8e00000, 0x00000000a8e00000, 0x00000000a8f00000|  0%| F|  |TAMS 0x00000000a8e00000| PB 0x00000000a8e00000| Untracked 
|  39|0x00000000a8f00000, 0x00000000a8f00000, 0x00000000a9000000|  0%| F|  |TAMS 0x00000000a8f00000| PB 0x00000000a8f00000| Untracked 
|  40|0x00000000a9000000, 0x00000000a9000000, 0x00000000a9100000|  0%| F|  |TAMS 0x00000000a9000000| PB 0x00000000a9000000| Untracked 
|  41|0x00000000a9100000, 0x00000000a9100000, 0x00000000a9200000|  0%| F|  |TAMS 0x00000000a9100000| PB 0x00000000a9100000| Untracked 
|  42|0x00000000a9200000, 0x00000000a9200000, 0x00000000a9300000|  0%| F|  |TAMS 0x00000000a9200000| PB 0x00000000a9200000| Untracked 
|  43|0x00000000a9300000, 0x00000000a9300000, 0x00000000a9400000|  0%| F|  |TAMS 0x00000000a9300000| PB 0x00000000a9300000| Untracked 
|  44|0x00000000a9400000, 0x00000000a9400000, 0x00000000a9500000|  0%| F|  |TAMS 0x00000000a9400000| PB 0x00000000a9400000| Untracked 
|  45|0x00000000a9500000, 0x00000000a9500000, 0x00000000a9600000|  0%| F|  |TAMS 0x00000000a9500000| PB 0x00000000a9500000| Untracked 
|  46|0x00000000a9600000, 0x00000000a9600000, 0x00000000a9700000|  0%| F|  |TAMS 0x00000000a9600000| PB 0x00000000a9600000| Untracked 
|  47|0x00000000a9700000, 0x00000000a9700000, 0x00000000a9800000|  0%| F|  |TAMS 0x00000000a9700000| PB 0x00000000a9700000| Untracked 
|  48|0x00000000a9800000, 0x00000000a9800000, 0x00000000a9900000|  0%| F|  |TAMS 0x00000000a9800000| PB 0x00000000a9800000| Untracked 
|  49|0x00000000a9900000, 0x00000000a9900000, 0x00000000a9a00000|  0%| F|  |TAMS 0x00000000a9900000| PB 0x00000000a9900000| Untracked 
|  50|0x00000000a9a00000, 0x00000000a9a00000, 0x00000000a9b00000|  0%| F|  |TAMS 0x00000000a9a00000| PB 0x00000000a9a00000| Untracked 
|  51|0x00000000a9b00000, 0x00000000a9b00000, 0x00000000a9c00000|  0%| F|  |TAMS 0x00000000a9b00000| PB 0x00000000a9b00000| Untracked 
|  52|0x00000000a9c00000, 0x00000000a9c00000, 0x00000000a9d00000|  0%| F|  |TAMS 0x00000000a9c00000| PB 0x00000000a9c00000| Untracked 
|  53|0x00000000a9d00000, 0x00000000a9d00000, 0x00000000a9e00000|  0%| F|  |TAMS 0x00000000a9d00000| PB 0x00000000a9d00000| Untracked 
|  54|0x00000000a9e00000, 0x00000000a9e00000, 0x00000000a9f00000|  0%| F|  |TAMS 0x00000000a9e00000| PB 0x00000000a9e00000| Untracked 
|  55|0x00000000a9f00000, 0x00000000a9f00000, 0x00000000aa000000|  0%| F|  |TAMS 0x00000000a9f00000| PB 0x00000000a9f00000| Untracked 
|  56|0x00000000aa000000, 0x00000000aa000000, 0x00000000aa100000|  0%| F|  |TAMS 0x00000000aa000000| PB 0x00000000aa000000| Untracked 
|  57|0x00000000aa100000, 0x00000000aa100000, 0x00000000aa200000|  0%| F|  |TAMS 0x00000000aa100000| PB 0x00000000aa100000| Untracked 
|  58|0x00000000aa200000, 0x00000000aa200000, 0x00000000aa300000|  0%| F|  |TAMS 0x00000000aa200000| PB 0x00000000aa200000| Untracked 
|  59|0x00000000aa300000, 0x00000000aa300000, 0x00000000aa400000|  0%| F|  |TAMS 0x00000000aa300000| PB 0x00000000aa300000| Untracked 
|  60|0x00000000aa400000, 0x00000000aa400000, 0x00000000aa500000|  0%| F|  |TAMS 0x00000000aa400000| PB 0x00000000aa400000| Untracked 
|  61|0x00000000aa500000, 0x00000000aa500000, 0x00000000aa600000|  0%| F|  |TAMS 0x00000000aa500000| PB 0x00000000aa500000| Untracked 
|  62|0x00000000aa600000, 0x00000000aa600000, 0x00000000aa700000|  0%| F|  |TAMS 0x00000000aa600000| PB 0x00000000aa600000| Untracked 
|  63|0x00000000aa700000, 0x00000000aa700000, 0x00000000aa800000|  0%| F|  |TAMS 0x00000000aa700000| PB 0x00000000aa700000| Untracked 
|  64|0x00000000aa800000, 0x00000000aa800000, 0x00000000aa900000|  0%| F|  |TAMS 0x00000000aa800000| PB 0x00000000aa800000| Untracked 
|  65|0x00000000aa900000, 0x00000000aa900000, 0x00000000aaa00000|  0%| F|  |TAMS 0x00000000aa900000| PB 0x00000000aa900000| Untracked 
|  66|0x00000000aaa00000, 0x00000000aaa00000, 0x00000000aab00000|  0%| F|  |TAMS 0x00000000aaa00000| PB 0x00000000aaa00000| Untracked 
|  67|0x00000000aab00000, 0x00000000aab00000, 0x00000000aac00000|  0%| F|  |TAMS 0x00000000aab00000| PB 0x00000000aab00000| Untracked 
|  68|0x00000000aac00000, 0x00000000aac00000, 0x00000000aad00000|  0%| F|  |TAMS 0x00000000aac00000| PB 0x00000000aac00000| Untracked 
|  69|0x00000000aad00000, 0x00000000aad00000, 0x00000000aae00000|  0%| F|  |TAMS 0x00000000aad00000| PB 0x00000000aad00000| Untracked 
|  70|0x00000000aae00000, 0x00000000aae937d8, 0x00000000aaf00000| 57%| S|CS|TAMS 0x00000000aae00000| PB 0x00000000aae00000| Complete 
|  71|0x00000000aaf00000, 0x00000000ab000000, 0x00000000ab000000|100%| S|CS|TAMS 0x00000000aaf00000| PB 0x00000000aaf00000| Complete 
|  72|0x00000000ab000000, 0x00000000ab100000, 0x00000000ab100000|100%| S|CS|TAMS 0x00000000ab000000| PB 0x00000000ab000000| Complete 
|  73|0x00000000ab100000, 0x00000000ab100000, 0x00000000ab200000|  0%| F|  |TAMS 0x00000000ab100000| PB 0x00000000ab100000| Untracked 
|  74|0x00000000ab200000, 0x00000000ab200000, 0x00000000ab300000|  0%| F|  |TAMS 0x00000000ab200000| PB 0x00000000ab200000| Untracked 
|  75|0x00000000ab300000, 0x00000000ab300000, 0x00000000ab400000|  0%| F|  |TAMS 0x00000000ab300000| PB 0x00000000ab300000| Untracked 
|  76|0x00000000ab400000, 0x00000000ab400000, 0x00000000ab500000|  0%| F|  |TAMS 0x00000000ab400000| PB 0x00000000ab400000| Untracked 
|  77|0x00000000ab500000, 0x00000000ab500000, 0x00000000ab600000|  0%| F|  |TAMS 0x00000000ab500000| PB 0x00000000ab500000| Untracked 
|  78|0x00000000ab600000, 0x00000000ab600000, 0x00000000ab700000|  0%| F|  |TAMS 0x00000000ab600000| PB 0x00000000ab600000| Untracked 
|  79|0x00000000ab700000, 0x00000000ab7cd5f0, 0x00000000ab800000| 80%| E|  |TAMS 0x00000000ab700000| PB 0x00000000ab700000| Complete 
|  80|0x00000000ab800000, 0x00000000ab900000, 0x00000000ab900000|100%| E|CS|TAMS 0x00000000ab800000| PB 0x00000000ab800000| Complete 
|  81|0x00000000ab900000, 0x00000000aba00000, 0x00000000aba00000|100%| E|CS|TAMS 0x00000000ab900000| PB 0x00000000ab900000| Complete 
|  82|0x00000000aba00000, 0x00000000abb00000, 0x00000000abb00000|100%| E|CS|TAMS 0x00000000aba00000| PB 0x00000000aba00000| Complete 
|  83|0x00000000abb00000, 0x00000000abc00000, 0x00000000abc00000|100%| E|CS|TAMS 0x00000000abb00000| PB 0x00000000abb00000| Complete 
|  84|0x00000000abc00000, 0x00000000abd00000, 0x00000000abd00000|100%| E|CS|TAMS 0x00000000abc00000| PB 0x00000000abc00000| Complete 
|  85|0x00000000abd00000, 0x00000000abe00000, 0x00000000abe00000|100%| E|CS|TAMS 0x00000000abd00000| PB 0x00000000abd00000| Complete 
|  86|0x00000000abe00000, 0x00000000abf00000, 0x00000000abf00000|100%| E|CS|TAMS 0x00000000abe00000| PB 0x00000000abe00000| Complete 
|  87|0x00000000abf00000, 0x00000000ac000000, 0x00000000ac000000|100%| E|CS|TAMS 0x00000000abf00000| PB 0x00000000abf00000| Complete 
|  88|0x00000000ac000000, 0x00000000ac100000, 0x00000000ac100000|100%| E|CS|TAMS 0x00000000ac000000| PB 0x00000000ac000000| Complete 
|  89|0x00000000ac100000, 0x00000000ac200000, 0x00000000ac200000|100%| E|CS|TAMS 0x00000000ac100000| PB 0x00000000ac100000| Complete 

Card table byte_map: [0x00000170e05f0000,0x00000170e08c0000] _byte_map_base: 0x00000170e00bc000

Marking Bits: (CMBitMap*) 0x00000170cd9e9080
 Bits: [0x00000170e08c0000, 0x00000170e1f20000)

Polling page: 0x00000170cb7f0000

Metaspace:

Usage:
  Non-class:     10.60 MB used.
      Class:      1.45 MB used.
       Both:     12.05 MB used.

Virtual space:
  Non-class space:       64.00 MB reserved,      10.81 MB ( 17%) committed,  1 nodes.
      Class space:        1.00 GB reserved,       1.62 MB ( <1%) committed,  1 nodes.
             Both:        1.06 GB reserved,      12.44 MB (  1%) committed. 

Chunk freelists:
   Non-Class:  4.28 MB
       Class:  14.34 MB
        Both:  18.62 MB

MaxMetaspaceSize: unlimited
CompressedClassSpaceSize: 1.00 GB
Initial GC threshold: 21.00 MB
Current GC threshold: 21.00 MB
CDS: on
 - commit_granule_bytes: 65536.
 - commit_granule_words: 8192.
 - virtual_space_node_default_size: 8388608.
 - enlarge_chunks_in_place: 1.
 - use_allocation_guard: 0.


Internal statistics:

num_allocs_failed_limit: 0.
num_arena_births: 338.
num_arena_deaths: 0.
num_vsnodes_births: 2.
num_vsnodes_deaths: 0.
num_space_committed: 199.
num_space_uncommitted: 0.
num_chunks_returned_to_freelist: 0.
num_chunks_taken_from_freelist: 655.
num_chunk_merges: 0.
num_chunk_splits: 367.
num_chunks_enlarged: 193.
num_inconsistent_stats: 0.

CodeHeap 'non-profiled nmethods': size=120000Kb used=674Kb max_used=674Kb free=119325Kb
 bounds [0x00000170d8df0000, 0x00000170d9060000, 0x00000170e0320000]
CodeHeap 'profiled nmethods': size=120000Kb used=3836Kb max_used=3836Kb free=116163Kb
 bounds [0x00000170d1320000, 0x00000170d16e0000, 0x00000170d8850000]
CodeHeap 'non-nmethods': size=5760Kb used=1461Kb max_used=1475Kb free=4298Kb
 bounds [0x00000170d8850000, 0x00000170d8ac0000, 0x00000170d8df0000]
CodeCache: size=245760Kb, used=5971Kb, max_used=5985Kb, free=239786Kb
 total_blobs=2560, nmethods=2018, adapters=446, full_count=0
Compilation: enabled, stopped_count=0, restarted_count=0

Compilation events (20 events):
Event: 7.384 Thread 0x00000170e43f8250 nmethod 1948 0x00000170d16b0a10 code [0x00000170d16b0f40, 0x00000170d16b3d48]
Event: 7.384 Thread 0x00000170e43f8250 1949       3       jdk.internal.loader.BuiltinClassLoader::defineClass (121 bytes)
Event: 7.386 Thread 0x00000170e43f8250 nmethod 1949 0x00000170d16b4e10 code [0x00000170d16b5140, 0x00000170d16b6428]
Event: 7.388 Thread 0x00000170e43f8250 1950       3       java.lang.invoke.BoundMethodHandle::bindArgumentL (11 bytes)
Event: 7.389 Thread 0x00000170e43f8250 nmethod 1950 0x00000170d16b6990 code [0x00000170d16b6b80, 0x00000170d16b7060]
Event: 7.389 Thread 0x00000170e43f8250 1951       3       java.lang.invoke.LambdaFormEditor::bindArgumentL (59 bytes)
Event: 7.389 Thread 0x00000170e43f8250 nmethod 1951 0x00000170d16b7290 code [0x00000170d16b7460, 0x00000170d16b7710]
Event: 7.393 Thread 0x00000170e43f8250 1952       3       sun.net.util.IPAddressUtil::checkAuth (45 bytes)
Event: 7.394 Thread 0x00000170e43f8250 nmethod 1952 0x00000170d16b7890 code [0x00000170d16b7b20, 0x00000170d16b8568]
Event: 7.396 Thread 0x00000170e43f8250 1953       3       java.io.File::<init> (111 bytes)
Event: 7.397 Thread 0x00000170e43f8250 nmethod 1953 0x00000170d16b8990 code [0x00000170d16b8c40, 0x00000170d16b9770]
Event: 7.397 Thread 0x00000170e43f8250 1956   !   3       jdk.internal.loader.URLClassPath$FileLoader::getResource (153 bytes)
Event: 7.400 Thread 0x00000170e43f8250 nmethod 1956 0x00000170d16b9b90 code [0x00000170d16b9ee0, 0x00000170d16baff0]
Event: 7.400 Thread 0x00000170e43f8250 1957       3       java.lang.Module::allows (60 bytes)
Event: 7.400 Thread 0x00000170e43f8250 nmethod 1957 0x00000170d16bb890 code [0x00000170d16bbaa0, 0x00000170d16bc0a0]
Event: 7.400 Thread 0x00000170e43f8250 1954       3       java.lang.Character::isLetterOrDigit (5 bytes)
Event: 7.401 Thread 0x00000170e43f8250 nmethod 1954 0x00000170d16bc210 code [0x00000170d16bc3e0, 0x00000170d16bc6f0]
Event: 7.401 Thread 0x00000170e43f8250 1955       3       java.lang.Character::isLetterOrDigit (19 bytes)
Event: 7.401 Thread 0x00000170e43f8250 nmethod 1955 0x00000170d16bc810 code [0x00000170d16bc9e0, 0x00000170d16bcc88]
Event: 7.460 Thread 0x00000170e43f8250 1958       3       java.lang.invoke.MethodTypeForm::<init> (322 bytes)

GC Heap History (6 events):
Event: 0.823 GC heap before
{Heap before GC invocations=0 (full 0):
 garbage-first heap   total 92160K, used 12288K [0x00000000a6800000, 0x0000000100000000)
  region size 1024K, 13 young (13312K), 0 survivors (0K)
 Metaspace       used 782K, committed 896K, reserved 1114112K
  class space    used 59K, committed 128K, reserved 1048576K
}
Event: 0.835 GC heap after
{Heap after GC invocations=1 (full 0):
 garbage-first heap   total 92160K, used 8497K [0x00000000a6800000, 0x0000000100000000)
  region size 1024K, 2 young (2048K), 2 survivors (2048K)
 Metaspace       used 782K, committed 896K, reserved 1114112K
  class space    used 59K, committed 128K, reserved 1048576K
}
Event: 1.990 GC heap before
{Heap before GC invocations=1 (full 0):
 garbage-first heap   total 92160K, used 17713K [0x00000000a6800000, 0x0000000100000000)
  region size 1024K, 11 young (11264K), 2 survivors (2048K)
 Metaspace       used 3894K, committed 4096K, reserved 1114112K
  class space    used 457K, committed 576K, reserved 1048576K
}
Event: 1.998 GC heap after
{Heap after GC invocations=2 (full 0):
 garbage-first heap   total 92160K, used 11814K [0x00000000a6800000, 0x0000000100000000)
  region size 1024K, 2 young (2048K), 2 survivors (2048K)
 Metaspace       used 3894K, committed 4096K, reserved 1114112K
  class space    used 457K, committed 576K, reserved 1048576K
}
Event: 2.925 GC heap before
{Heap before GC invocations=2 (full 0):
 garbage-first heap   total 92160K, used 26150K [0x00000000a6800000, 0x0000000100000000)
  region size 1024K, 17 young (17408K), 2 survivors (2048K)
 Metaspace       used 9709K, committed 9984K, reserved 1114112K
  class space    used 1122K, committed 1280K, reserved 1048576K
}
Event: 2.937 GC heap after
{Heap after GC invocations=3 (full 0):
 garbage-first heap   total 92160K, used 14750K [0x00000000a6800000, 0x0000000100000000)
  region size 1024K, 3 young (3072K), 3 survivors (3072K)
 Metaspace       used 9709K, committed 9984K, reserved 1114112K
  class space    used 1122K, committed 1280K, reserved 1048576K
}

Dll operation events (8 events):
Event: 0.026 Loaded shared library E:\Software\eclipse_2025-09-R\eclipse\plugins\org.eclipse.justj.openjdk.hotspot.jre.full.win32.x86_64_21.0.8.v20250724-1412\jre\bin\java.dll
Event: 0.100 Loaded shared library E:\Software\eclipse_2025-09-R\eclipse\plugins\org.eclipse.justj.openjdk.hotspot.jre.full.win32.x86_64_21.0.8.v20250724-1412\jre\bin\zip.dll
Event: 0.418 Loaded shared library E:\Software\eclipse_2025-09-R\eclipse\plugins\org.eclipse.justj.openjdk.hotspot.jre.full.win32.x86_64_21.0.8.v20250724-1412\jre\bin\net.dll
Event: 0.420 Loaded shared library E:\Software\eclipse_2025-09-R\eclipse\plugins\org.eclipse.justj.openjdk.hotspot.jre.full.win32.x86_64_21.0.8.v20250724-1412\jre\bin\nio.dll
Event: 0.428 Loaded shared library E:\Software\eclipse_2025-09-R\eclipse\plugins\org.eclipse.justj.openjdk.hotspot.jre.full.win32.x86_64_21.0.8.v20250724-1412\jre\bin\zip.dll
Event: 0.562 Loaded shared library E:\Software\eclipse_2025-09-R\eclipse\plugins\org.eclipse.justj.openjdk.hotspot.jre.full.win32.x86_64_21.0.8.v20250724-1412\jre\bin\jimage.dll
Event: 0.938 Loaded shared library E:\Software\eclipse_2025-09-R\eclipse\plugins\org.eclipse.justj.openjdk.hotspot.jre.full.win32.x86_64_21.0.8.v20250724-1412\jre\bin\extnet.dll
Event: 2.510 Loaded shared library E:\Software\eclipse_2025-09-R\eclipse\plugins\org.eclipse.justj.openjdk.hotspot.jre.full.win32.x86_64_21.0.8.v20250724-1412\jre\bin\sunmscapi.dll

Deoptimization events (20 events):
Event: 2.642 Thread 0x00000170cb722790 DEOPT PACKING pc=0x00000170d8e2b2e4 sp=0x000000092a4fe020
Event: 2.642 Thread 0x00000170cb722790 DEOPT UNPACKING pc=0x00000170d88a46a2 sp=0x000000092a4fdfd8 mode 2
Event: 2.642 Thread 0x00000170cb722790 Uncommon trap: trap_request=0xffffffde fr.pc=0x00000170d8e2b2e4 relative=0x0000000000000304
Event: 2.642 Thread 0x00000170cb722790 Uncommon trap: reason=class_check action=maybe_recompile pc=0x00000170d8e2b2e4 method=java.util.regex.Pattern$BmpCharPropertyGreedy.match(Ljava/util/regex/Matcher;ILjava/lang/CharSequence;)Z @ 26 c2
Event: 2.642 Thread 0x00000170cb722790 DEOPT PACKING pc=0x00000170d8e2b2e4 sp=0x000000092a4fe020
Event: 2.642 Thread 0x00000170cb722790 DEOPT UNPACKING pc=0x00000170d88a46a2 sp=0x000000092a4fdfd8 mode 2
Event: 2.684 Thread 0x00000170ea147c00 Uncommon trap: trap_request=0xffffffde fr.pc=0x00000170d8e2b2e4 relative=0x0000000000000304
Event: 2.684 Thread 0x00000170ea147c00 Uncommon trap: reason=class_check action=maybe_recompile pc=0x00000170d8e2b2e4 method=java.util.regex.Pattern$BmpCharPropertyGreedy.match(Ljava/util/regex/Matcher;ILjava/lang/CharSequence;)Z @ 26 c2
Event: 2.684 Thread 0x00000170ea147c00 DEOPT PACKING pc=0x00000170d8e2b2e4 sp=0x000000092bffdfc0
Event: 2.684 Thread 0x00000170ea147c00 DEOPT UNPACKING pc=0x00000170d88a46a2 sp=0x000000092bffdf58 mode 2
Event: 2.698 Thread 0x00000170ea147c00 Uncommon trap: trap_request=0xffffff45 fr.pc=0x00000170d8e6fa78 relative=0x0000000000000198
Event: 2.698 Thread 0x00000170ea147c00 Uncommon trap: reason=unstable_if action=reinterpret pc=0x00000170d8e6fa78 method=java.lang.invoke.VarHandle.checkAccessModeThenIsDirect(Ljava/lang/invoke/VarHandle$AccessDescriptor;)Z @ 4 c2
Event: 2.698 Thread 0x00000170ea147c00 DEOPT PACKING pc=0x00000170d8e6fa78 sp=0x000000092bffe550
Event: 2.698 Thread 0x00000170ea147c00 DEOPT UNPACKING pc=0x00000170d88a46a2 sp=0x000000092bffe4a8 mode 2
Event: 6.258 Thread 0x00000170cb722790 Uncommon trap: trap_request=0xffffffde fr.pc=0x00000170d8e5fefc relative=0x000000000000045c
Event: 6.258 Thread 0x00000170cb722790 Uncommon trap: reason=class_check action=maybe_recompile pc=0x00000170d8e5fefc method=java.util.HashMap.putVal(ILjava/lang/Object;Ljava/lang/Object;ZZ)Ljava/lang/Object; @ 253 c2
Event: 6.258 Thread 0x00000170cb722790 DEOPT PACKING pc=0x00000170d8e5fefc sp=0x000000092a4fe520
Event: 6.258 Thread 0x00000170cb722790 DEOPT UNPACKING pc=0x00000170d88a46a2 sp=0x000000092a4fe4b0 mode 2
Event: 7.380 Thread 0x00000170cb722790 DEOPT PACKING pc=0x00000170d1688d59 sp=0x000000092a4fd310
Event: 7.380 Thread 0x00000170cb722790 DEOPT UNPACKING pc=0x00000170d88a4e42 sp=0x000000092a4fc820 mode 0

Classes loaded (20 events):
Event: 7.414 Loading class java/util/logging/ConsoleHandler
Event: 7.415 Loading class java/util/logging/StreamHandler
Event: 7.416 Loading class java/util/logging/StreamHandler done
Event: 7.416 Loading class java/util/logging/ConsoleHandler done
Event: 7.416 Loading class java/util/logging/SimpleFormatter
Event: 7.416 Loading class java/util/logging/Formatter
Event: 7.417 Loading class java/util/logging/Formatter done
Event: 7.417 Loading class java/util/logging/SimpleFormatter done
Event: 7.418 Loading class jdk/internal/logger/SurrogateLogger
Event: 7.430 Loading class jdk/internal/logger/SimpleConsoleLogger
Event: 7.431 Loading class jdk/internal/logger/SimpleConsoleLogger done
Event: 7.431 Loading class jdk/internal/logger/SurrogateLogger done
Event: 7.432 Loading class jdk/internal/logger/SimpleConsoleLogger$Formatting
Event: 7.432 Loading class jdk/internal/logger/SimpleConsoleLogger$Formatting done
Event: 7.433 Loading class java/util/logging/Handler$1
Event: 7.433 Loading class java/util/logging/Handler$1 done
Event: 7.433 Loading class java/util/logging/StreamHandler$1
Event: 7.433 Loading class java/util/logging/StreamHandler$1 done
Event: 7.434 Loading class java/util/logging/LogManager$CloseOnReset
Event: 7.434 Loading class java/util/logging/LogManager$CloseOnReset done

Classes unloaded (0 events):
No events

Classes redefined (0 events):
No events

Internal exceptions (20 events):
Event: 2.172 Thread 0x00000170cb722790 Exception <a 'sun/nio/fs/WindowsException'{0x00000000abf433e8}> (0x00000000abf433e8) 
thrown [s\src\hotspot\share\prims\jni.cpp, line 520]
Event: 2.287 Thread 0x00000170cb722790 Exception <a 'java/lang/NoSuchMethodError'{0x00000000abdecb88}: 'void java.lang.invoke.DirectMethodHandle$Holder.invokeVirtual(java.lang.Object, java.lang.Object)'> (0x00000000abdecb88) 
thrown [s\src\hotspot\share\interpreter\linkResolver.cpp, line 773]
Event: 2.427 Thread 0x00000170cb722790 Exception <a 'java/lang/NoSuchMethodError'{0x00000000ab56d128}: 'java.lang.Object java.lang.invoke.DirectMethodHandle$Holder.invokeStaticInit(java.lang.Object, int, int, int, int)'> (0x00000000ab56d128) 
thrown [s\src\hotspot\share\interpreter\linkResolver.cpp, line 773]
Event: 2.455 Thread 0x00000170cb722790 Exception <a 'java/lang/NoSuchMethodError'{0x00000000ab58ef48}: 'java.lang.Object java.lang.invoke.DirectMethodHandle$Holder.invokeStaticInit(java.lang.Object, java.lang.Object, int, int, int, int)'> (0x00000000ab58ef48) 
thrown [s\src\hotspot\share\interpreter\linkResolver.cpp, line 773]
Event: 2.635 Thread 0x00000170cb722790 Exception <a 'java/lang/NoSuchMethodError'{0x00000000ab2097b0}: 'java.lang.Object java.lang.invoke.DirectMethodHandle$Holder.invokeInterface(java.lang.Object, java.lang.Object, java.lang.Object)'> (0x00000000ab2097b0) 
thrown [s\src\hotspot\share\interpreter\linkResolver.cpp, line 773]
Event: 2.636 Thread 0x00000170cb722790 Exception <a 'java/lang/IncompatibleClassChangeError'{0x00000000ab20cbb8}: Found class java.lang.Object, but interface was expected> (0x00000000ab20cbb8) 
thrown [s\src\hotspot\share\interpreter\linkResolver.cpp, line 840]
Event: 2.640 Thread 0x00000170cb722790 Exception <a 'java/lang/NoSuchMethodError'{0x00000000ab2140b8}: 'int java.lang.invoke.DirectMethodHandle$Holder.invokeSpecialIFC(java.lang.Object, java.lang.Object, java.lang.Object, java.lang.Object)'> (0x00000000ab2140b8) 
thrown [s\src\hotspot\share\interpreter\linkResolver.cpp, line 773]
Event: 2.649 Thread 0x00000170cb722790 Exception <a 'java/lang/NoSuchMethodError'{0x00000000ab236b40}: 'java.lang.Object java.lang.invoke.DirectMethodHandle$Holder.invokeVirtual(java.lang.Object, java.lang.Object, java.lang.Object, java.lang.Object)'> (0x00000000ab236b40) 
thrown [s\src\hotspot\share\interpreter\linkResolver.cpp, line 773]
Event: 2.699 Thread 0x00000170ea147c00 Exception <a 'java/net/ConnectException'{0x00000000ab296e40}: Connection refused: getsockopt> (0x00000000ab296e40) 
thrown [s\src\hotspot\share\prims\jni.cpp, line 539]
Event: 2.716 Thread 0x00000170ea147c00 Exception <a 'java/net/ConnectException'{0x00000000ab297f90}: Connection refused: getsockopt> (0x00000000ab297f90) 
thrown [s\src\hotspot\share\prims\jni.cpp, line 539]
Event: 2.748 Thread 0x00000170ea147c00 Exception <a 'java/net/ConnectException'{0x00000000ab298ed8}: Connection refused: getsockopt> (0x00000000ab298ed8) 
thrown [s\src\hotspot\share\prims\jni.cpp, line 539]
Event: 2.889 Thread 0x00000170cb722790 Exception <a 'java/lang/NoSuchMethodError'{0x00000000ab17e7b8}: 'java.lang.Object java.lang.invoke.DirectMethodHandle$Holder.newInvokeSpecial(java.lang.Object, java.lang.Object, int, int)'> (0x00000000ab17e7b8) 
thrown [s\src\hotspot\share\interpreter\linkResolver.cpp, line 773]
Event: 2.894 Thread 0x00000170cb722790 Exception <a 'java/lang/NoSuchMethodError'{0x00000000ab1895c8}: 'void java.lang.invoke.DirectMethodHandle$Holder.invokeStatic(java.lang.Object, java.lang.Object, int)'> (0x00000000ab1895c8) 
thrown [s\src\hotspot\share\interpreter\linkResolver.cpp, line 773]
Event: 2.940 Thread 0x00000170cb722790 Exception <a 'java/lang/NoSuchMethodError'{0x00000000ac105880}: 'java.lang.Object java.lang.invoke.DirectMethodHandle$Holder.newInvokeSpecial(java.lang.Object, java.lang.Object, java.lang.Object, java.lang.Object, java.lang.Object)'> (0x00000000ac105880) 
thrown [s\src\hotspot\share\interpreter\linkResolver.cpp, line 773]
Event: 3.029 Thread 0x00000170ea2bc590 Exception <a 'java/lang/NoSuchMethodError'{0x00000000abf9f1c0}: 'java.lang.Object java.lang.invoke.DirectMethodHandle$Holder.invokeSpecial(java.lang.Object, java.lang.Object, java.lang.Object, java.lang.Object, int)'> (0x00000000abf9f1c0) 
thrown [s\src\hotspot\share\interpreter\linkResolver.cpp, line 773]
Event: 3.029 Thread 0x00000170ea2bc590 Exception <a 'java/lang/NoSuchMethodError'{0x00000000abfa2b28}: 'java.lang.Object java.lang.invoke.Invokers$Holder.linkToTargetMethod(java.lang.Object, java.lang.Object, int, java.lang.Object)'> (0x00000000abfa2b28) 
thrown [s\src\hotspot\share\interpreter\linkResolver.cpp, line 773]
Event: 3.044 Thread 0x00000170ea2bc590 Exception <a 'java/lang/NoSuchMethodError'{0x00000000abe16358}: 'void java.lang.invoke.DirectMethodHandle$Holder.invokeSpecial(java.lang.Object, java.lang.Object, java.lang.Object)'> (0x00000000abe16358) 
thrown [s\src\hotspot\share\interpreter\linkResolver.cpp, line 773]
Event: 3.064 Thread 0x00000170ea2bc590 Exception <a 'java/lang/NoSuchMethodError'{0x00000000abebbcb8}: 'void java.lang.invoke.DirectMethodHandle$Holder.invokeSpecial(java.lang.Object, java.lang.Object, java.lang.Object, java.lang.Object, java.lang.Object)'> (0x00000000abebbcb8) 
thrown [s\src\hotspot\share\interpreter\linkResolver.cpp, line 773]
Event: 6.225 Thread 0x00000170ea2bc590 Exception <a 'java/lang/NoSuchMethodError'{0x00000000abc67c68}: 'void java.lang.invoke.DirectMethodHandle$Holder.invokeSpecial(java.lang.Object, java.lang.Object, java.lang.Object, java.lang.Object, java.lang.Object, java.lang.Object, java.lang.Object)'> (0x00000000abc67c68) 
thrown [s\src\hotspot\share\interpreter\linkResolver.cpp, line 773]
Event: 6.249 Thread 0x00000170cb722790 Exception <a 'java/lang/NoSuchMethodError'{0x00000000ac0ce6f0}: 'java.lang.Object java.lang.invoke.DirectMethodHandle$Holder.invokeSpecialIFC(java.lang.Object, java.lang.Object, java.lang.Object)'> (0x00000000ac0ce6f0) 
thrown [s\src\hotspot\share\interpreter\linkResolver.cpp, line 773]

ZGC Phase Switch (0 events):
No events

VM Operations (20 events):
Event: 2.117 Executing VM operation: HandshakeAllThreads (Deoptimize)
Event: 2.117 Executing VM operation: HandshakeAllThreads (Deoptimize) done
Event: 2.480 Executing VM operation: HandshakeAllThreads (Deoptimize)
Event: 2.480 Executing VM operation: HandshakeAllThreads (Deoptimize) done
Event: 2.662 Executing VM operation: HandshakeAllThreads (Deoptimize)
Event: 2.662 Executing VM operation: HandshakeAllThreads (Deoptimize) done
Event: 2.810 Executing VM operation: HandshakeAllThreads (Deoptimize)
Event: 2.811 Executing VM operation: HandshakeAllThreads (Deoptimize) done
Event: 2.925 Executing VM operation: G1CollectForAllocation (G1 Evacuation Pause)
Event: 2.937 Executing VM operation: G1CollectForAllocation (G1 Evacuation Pause) done
Event: 3.952 Executing VM operation: Cleanup
Event: 3.952 Executing VM operation: Cleanup done
Event: 6.095 Executing VM operation: HandshakeAllThreads (Deoptimize)
Event: 6.095 Executing VM operation: HandshakeAllThreads (Deoptimize) done
Event: 6.167 Executing VM operation: HandshakeAllThreads (Deoptimize)
Event: 6.167 Executing VM operation: HandshakeAllThreads (Deoptimize) done
Event: 6.167 Executing VM operation: Cleanup
Event: 6.167 Executing VM operation: Cleanup done
Event: 7.170 Executing VM operation: Cleanup
Event: 7.170 Executing VM operation: Cleanup done

Memory protections (0 events):
No events

Nmethod flushes (0 events):
No events

Events (20 events):
Event: 0.406 Thread 0x00000170cb722790 Thread added: 0x00000170e4631df0
Event: 0.409 Thread 0x00000170cb722790 Thread added: 0x00000170e463a1a0
Event: 0.589 Thread 0x00000170e43f8250 Thread added: 0x00000170e4821da0
Event: 1.130 Thread 0x00000170cb722790 Thread added: 0x00000170e960c180
Event: 1.760 Thread 0x00000170e4821da0 Thread exited: 0x00000170e4821da0
Event: 1.771 Thread 0x00000170e960c180 Thread exited: 0x00000170e960c180
Event: 1.896 Thread 0x00000170cb722790 Thread added: 0x00000170e92418f0
Event: 2.591 Thread 0x00000170cb722790 Thread added: 0x00000170e9d7f860
Event: 2.659 Thread 0x00000170cb722790 Thread added: 0x00000170e9c587d0
Event: 2.662 Thread 0x00000170cb722790 Thread added: 0x00000170ea145f30
Event: 2.663 Thread 0x00000170cb722790 Thread added: 0x00000170ea146590
Event: 2.674 Thread 0x00000170ea145f30 Thread added: 0x00000170ea147c00
Event: 2.809 Thread 0x00000170ea147c00 Thread added: 0x00000170e9d36ce0
Event: 3.002 Thread 0x00000170cb722790 Thread added: 0x00000170ea2bc590
Event: 3.087 Thread 0x00000170e9d7f860 Thread added: 0x00000170ea315cd0
Event: 3.088 Thread 0x00000170e9d7f860 Thread added: 0x00000170ea316360
Event: 6.357 Thread 0x00000170cb722790 Thread added: 0x00000170ea3169f0
Event: 6.359 Thread 0x00000170cb722790 Thread added: 0x00000170ea315640
Event: 6.362 Thread 0x00000170ea3169f0 Thread added: 0x00000170e9ce6d50
Event: 6.362 Thread 0x00000170ea3169f0 Thread added: 0x00000170e9ce3f60


Dynamic libraries:
0x00007ff73a780000 - 0x00007ff73a78e000 	E:\Software\eclipse_2025-09-R\eclipse\plugins\org.eclipse.justj.openjdk.hotspot.jre.full.win32.x86_64_21.0.8.v20250724-1412\jre\bin\javaw.exe
0x00007ffa42630000 - 0x00007ffa42847000 	C:\Windows\SYSTEM32\ntdll.dll
0x00007ffa41540000 - 0x00007ffa41604000 	C:\Windows\System32\KERNEL32.DLL
0x00007ffa3fea0000 - 0x00007ffa40257000 	C:\Windows\System32\KERNELBASE.dll
0x00007ffa3fbe0000 - 0x00007ffa3fcf1000 	C:\Windows\System32\ucrtbase.dll
0x00007ffa30b80000 - 0x00007ffa30b98000 	E:\Software\eclipse_2025-09-R\eclipse\plugins\org.eclipse.justj.openjdk.hotspot.jre.full.win32.x86_64_21.0.8.v20250724-1412\jre\bin\jli.dll
0x00007ffa40930000 - 0x00007ffa40adf000 	C:\Windows\System32\USER32.dll
0x00007ffa40260000 - 0x00007ffa40286000 	C:\Windows\System32\win32u.dll
0x00007ffa407e0000 - 0x00007ffa40809000 	C:\Windows\System32\GDI32.dll
0x00007ffa3fd00000 - 0x00007ffa3fe18000 	C:\Windows\System32\gdi32full.dll
0x00007ffa402c0000 - 0x00007ffa4035a000 	C:\Windows\System32\msvcp_win.dll
0x00007ffa30aa0000 - 0x00007ffa30abe000 	E:\Software\eclipse_2025-09-R\eclipse\plugins\org.eclipse.justj.openjdk.hotspot.jre.full.win32.x86_64_21.0.8.v20250724-1412\jre\bin\VCRUNTIME140.dll
0x00007ffa2e580000 - 0x00007ffa2e813000 	C:\Windows\WinSxS\amd64_microsoft.windows.common-controls_6595b64144ccf1df_6.0.22621.3672_none_2713b9d173822955\COMCTL32.dll
0x00007ffa42540000 - 0x00007ffa425e7000 	C:\Windows\System32\msvcrt.dll
0x00007ffa41fb0000 - 0x00007ffa41fe1000 	C:\Windows\System32\IMM32.DLL
0x00007ffa3bea0000 - 0x00007ffa3beac000 	E:\Software\eclipse_2025-09-R\eclipse\plugins\org.eclipse.justj.openjdk.hotspot.jre.full.win32.x86_64_21.0.8.v20250724-1412\jre\bin\vcruntime140_1.dll
0x00007ffa10cf0000 - 0x00007ffa10d7d000 	E:\Software\eclipse_2025-09-R\eclipse\plugins\org.eclipse.justj.openjdk.hotspot.jre.full.win32.x86_64_21.0.8.v20250724-1412\jre\bin\msvcp140.dll
0x00007ff9e2a00000 - 0x00007ff9e3797000 	E:\Software\eclipse_2025-09-R\eclipse\plugins\org.eclipse.justj.openjdk.hotspot.jre.full.win32.x86_64_21.0.8.v20250724-1412\jre\bin\server\jvm.dll
0x00007ffa40810000 - 0x00007ffa408c2000 	C:\Windows\System32\ADVAPI32.dll
0x00007ffa41e80000 - 0x00007ffa41f28000 	C:\Windows\System32\sechost.dll
0x00007ffa40290000 - 0x00007ffa402b8000 	C:\Windows\System32\bcrypt.dll
0x00007ffa42210000 - 0x00007ffa42324000 	C:\Windows\System32\RPCRT4.dll
0x00007ffa414a0000 - 0x00007ffa41511000 	C:\Windows\System32\WS2_32.dll
0x00007ffa3f810000 - 0x00007ffa3f85d000 	C:\Windows\SYSTEM32\POWRPROF.dll
0x00007ffa39b20000 - 0x00007ffa39b54000 	C:\Windows\SYSTEM32\WINMM.dll
0x00007ffa2f670000 - 0x00007ffa2f67a000 	C:\Windows\SYSTEM32\VERSION.dll
0x00007ffa3f7f0000 - 0x00007ffa3f803000 	C:\Windows\SYSTEM32\UMPDC.dll
0x00007ffa3e990000 - 0x00007ffa3e9a8000 	C:\Windows\SYSTEM32\kernel.appcore.dll
0x00007ffa30730000 - 0x00007ffa3073a000 	E:\Software\eclipse_2025-09-R\eclipse\plugins\org.eclipse.justj.openjdk.hotspot.jre.full.win32.x86_64_21.0.8.v20250724-1412\jre\bin\jimage.dll
0x00007ffa27d60000 - 0x00007ffa27f92000 	C:\Windows\SYSTEM32\DBGHELP.DLL
0x00007ffa40cd0000 - 0x00007ffa4105e000 	C:\Windows\System32\combase.dll
0x00007ffa40ae0000 - 0x00007ffa40bb7000 	C:\Windows\System32\OLEAUT32.dll
0x00007ffa3c260000 - 0x00007ffa3c292000 	C:\Windows\SYSTEM32\dbgcore.DLL
0x00007ffa3fe20000 - 0x00007ffa3fe9b000 	C:\Windows\System32\bcryptPrimitives.dll
0x00007ffa25680000 - 0x00007ffa2569f000 	E:\Software\eclipse_2025-09-R\eclipse\plugins\org.eclipse.justj.openjdk.hotspot.jre.full.win32.x86_64_21.0.8.v20250724-1412\jre\bin\java.dll
0x00007ffa41610000 - 0x00007ffa41e79000 	C:\Windows\System32\SHELL32.dll
0x00007ffa3d8b0000 - 0x00007ffa3e1af000 	C:\Windows\SYSTEM32\windows.storage.dll
0x00007ffa3d770000 - 0x00007ffa3d8af000 	C:\Windows\SYSTEM32\wintypes.dll
0x00007ffa40bd0000 - 0x00007ffa40cc9000 	C:\Windows\System32\SHCORE.dll
0x00007ffa424e0000 - 0x00007ffa4253e000 	C:\Windows\System32\shlwapi.dll
0x00007ffa3f870000 - 0x00007ffa3f897000 	C:\Windows\SYSTEM32\profapi.dll
0x00007ffa25660000 - 0x00007ffa25678000 	E:\Software\eclipse_2025-09-R\eclipse\plugins\org.eclipse.justj.openjdk.hotspot.jre.full.win32.x86_64_21.0.8.v20250724-1412\jre\bin\zip.dll
0x00007ffa30690000 - 0x00007ffa306a0000 	E:\Software\eclipse_2025-09-R\eclipse\plugins\org.eclipse.justj.openjdk.hotspot.jre.full.win32.x86_64_21.0.8.v20250724-1412\jre\bin\net.dll
0x00007ffa38f60000 - 0x00007ffa39096000 	C:\Windows\SYSTEM32\WINHTTP.dll
0x00007ffa3ee00000 - 0x00007ffa3ee69000 	C:\Windows\system32\mswsock.dll
0x00007ffa25640000 - 0x00007ffa25656000 	E:\Software\eclipse_2025-09-R\eclipse\plugins\org.eclipse.justj.openjdk.hotspot.jre.full.win32.x86_64_21.0.8.v20250724-1412\jre\bin\nio.dll
0x00007ffa2d2b0000 - 0x00007ffa2d2b9000 	E:\Software\eclipse_2025-09-R\eclipse\plugins\org.eclipse.justj.openjdk.hotspot.jre.full.win32.x86_64_21.0.8.v20250724-1412\jre\bin\extnet.dll
0x00007ffa3e480000 - 0x00007ffa3e582000 	C:\Windows\SYSTEM32\DNSAPI.dll
0x00007ffa3e410000 - 0x00007ffa3e43d000 	C:\Windows\SYSTEM32\IPHLPAPI.DLL
0x00007ffa41490000 - 0x00007ffa41499000 	C:\Windows\System32\NSI.dll
0x0000000053430000 - 0x0000000053456000 	C:\Program Files\Bonjour\mdnsNSP.dll
0x00007ffa33b90000 - 0x00007ffa33b9a000 	C:\Windows\System32\rasadhlp.dll
0x00007ffa35150000 - 0x00007ffa351d3000 	C:\Windows\System32\fwpuclnt.dll
0x00007ffa3f060000 - 0x00007ffa3f07b000 	C:\Windows\SYSTEM32\CRYPTSP.dll
0x00007ffa3e8f0000 - 0x00007ffa3e925000 	C:\Windows\system32\rsaenh.dll
0x00007ffa3eef0000 - 0x00007ffa3ef18000 	C:\Windows\SYSTEM32\USERENV.dll
0x00007ffa3f050000 - 0x00007ffa3f05c000 	C:\Windows\SYSTEM32\CRYPTBASE.dll
0x00007ffa2d6c0000 - 0x00007ffa2d6ce000 	E:\Software\eclipse_2025-09-R\eclipse\plugins\org.eclipse.justj.openjdk.hotspot.jre.full.win32.x86_64_21.0.8.v20250724-1412\jre\bin\sunmscapi.dll
0x00007ffa3fa00000 - 0x00007ffa3fb66000 	C:\Windows\System32\CRYPT32.dll
0x00007ffa3f210000 - 0x00007ffa3f23d000 	C:\Windows\SYSTEM32\ncrypt.dll
0x00007ffa3f1d0000 - 0x00007ffa3f207000 	C:\Windows\SYSTEM32\NTASN1.dll
0x00007ffa30700000 - 0x00007ffa30708000 	C:\Windows\system32\wshunix.dll

JVMTI agents: none

dbghelp: loaded successfully - version: 4.0.5 - missing functions: none
symbol engine: initialized successfully - sym options: 0x614 - pdb path: .;E:\Software\eclipse_2025-09-R\eclipse\plugins\org.eclipse.justj.openjdk.hotspot.jre.full.win32.x86_64_21.0.8.v20250724-1412\jre\bin;C:\Windows\SYSTEM32;C:\Windows\WinSxS\amd64_microsoft.windows.common-controls_6595b64144ccf1df_6.0.22621.3672_none_2713b9d173822955;E:\Software\eclipse_2025-09-R\eclipse\plugins\org.eclipse.justj.openjdk.hotspot.jre.full.win32.x86_64_21.0.8.v20250724-1412\jre\bin\server;C:\Program Files\Bonjour

VM Arguments:
jvm_args: -Dfile.encoding=UTF-8 -Dstdout.encoding=UTF-8 -Dstderr.encoding=UTF-8 -XX:+ShowCodeDetailsInExceptionMessages 
java_command: practice_HRMS.OrangeHRMSkillsTest
java_class_path (initial): E:\MyProjects\Deepak_Task_Cucumber\target\classes;E:\Software\eclipse_2025-09-R\eclipse\plugins\org.junit_4.13.2.v20240929-1000.jar;E:\Software\eclipse_2025-09-R\eclipse\plugins\org.hamcrest_3.0.0.jar;E:\Software\eclipse_2025-09-R\eclipse\plugins\org.testng_7.11.0.r202503091654.jar;E:\Software\eclipse_2025-09-R\eclipse\plugins\com.beust.jcommander_1.83.0.jar;E:\Software\eclipse_2025-09-R\eclipse\plugins\slf4j.api_2.0.17.jar;E:\Software\eclipse_2025-09-R\eclipse\plugins\org.yaml.snakeyaml_2.2.0.jar;E:\Software\eclipse_2025-09-R\eclipse\plugins\org.webjars.jquery_3.7.1.jar;C:\Users\imssm\.m2\repository\org\seleniumhq\selenium\selenium-java\4.20.0\selenium-java-4.20.0.jar;C:\Users\imssm\.m2\repository\org\seleniumhq\selenium\selenium-api\4.20.0\selenium-api-4.20.0.jar;C:\Users\imssm\.m2\repository\org\seleniumhq\selenium\selenium-chrome-driver\4.20.0\selenium-chrome-driver-4.20.0.jar;C:\Users\imssm\.m2\repository\com\google\auto\service\auto-service-annotations\1.1.1\auto-service-annotations-1.1.1.jar;C:\Users\imssm\.m2\repository\org\seleniumhq\selenium\selenium-chromium-driver\4.20.0\selenium-chromium-driver-4.20.0.jar;C:\Users\imssm\.m2\repository\org\seleniumhq\selenium\selenium-json\4.20.0\selenium-json-4.20.0.jar;C:\Users\imssm\.m2\repository\org\seleniumhq\selenium\selenium-manager\4.20.0\selenium-manager-4.20.0.jar;C:\Users\imssm\.m2\repository\org\seleniumhq\selenium\selenium-devtools-v122\4.20.0\selenium-devtools-v122-4.20.0.jar;C:\Users\imssm\.m2\repository\org\seleniumhq\selenium\selenium-devtools-v123\4.20.0\selenium-devtools-v123-4.20.0.jar;C:\Users\imssm\.m2\repository\org\seleniumhq\selenium\selenium-devtools-v124\4.20.0\selenium-devtools-v124-4.20.0.jar;C:\Users\imssm\.m2\repository\org\seleniumhq\selenium\selenium-devtools-v85\4.20.0\selenium-devtools-v85-4.20.0.jar;C:\Users\imssm\.m2\repository\org\seleniumhq\selenium\selenium-edge-driver\4.20.0\selenium-edge-driver-4.20.0.jar;C:\Users\imssm\.m2\repository\org\seleniumhq\selenium\selenium-firefox-driver\4.20.0\selenium-firefox-driver-4.20.0.jar;C:\Users\imssm\.m2\repository\org\seleniumhq\selenium\selenium-http\4.20.0\selenium-http-4.20.0.jar;C:\Users\imssm\.m2\repository\dev\failsafe\failsafe\3.3.2\failsafe-3.3.2.jar;C:\Users\imssm\.m2\repository\org\seleniumhq\selenium\selenium-ie-driver\4.20.0\selenium-ie-driver-4.20.0.jar;C:\Users\imssm\.m2\repository\org\seleniumhq\selenium\selenium-remote-driver\4.20.0\selenium-remote-driver-4.20.0.jar;C:\Users\imssm\.m2\repository\com\google\guava\guava\33.1.0-jre\guava-33.1.0-jre.jar;C:\Users\imssm\.m2\repository\com\google\guava\listenablefuture\9999.0-empty-to-avoid-conflict-with-guava\listenablefuture-9999.0-empty-to-avoid-conflict-with-guava.jar;C:\Users\imssm\.m2\repository\com\google\code\findbugs\jsr305\3.0.2\jsr305-3.0.2.jar;C:\Users\imssm\.m2\repository\org\checkerframework\checker-qual\3.42.0\checker-qual-3.42.0.jar;C:\Users\imssm\.m2\repository\com\google\errorprone\error_prone_annotations\2.26.1\error_prone_annotations-2.26.1.jar;C:\Users\imssm\.m2\repository\com\google\j2objc\j2objc-annotations\3.0.0\j2objc-annotations-3.0.0.jar;C:\Users\imssm\.m2\repository\io\opentelemetry\semconv\opentelemetry-semconv\1.25.0-alpha\opentelemetry-semconv-1.25.0-alpha.jar;C:\Users\imssm\.m2\repository\io\opentelemetry\opentelemetry-api\1.37.0\opentelemetry-api-1.37.0.jar;C:\Users\imssm\.m2\repository\io\opentelemetry\opentelemetry-context\1.37.0\opentelemetry-context-1.37.0.jar;C:\Users\imssm\.m2\repository\io\opentelemetry\opentelemetry-exporter-logging\1.37.0\opentelemetry-exporter-logging-1.37.0.jar;C:\Users\imssm\.m2\repository\io\opentelemetry\opentelemetry-sdk-common\1.37.0\opentelemetry-sdk-common-1.37.0.jar;C:\Users\imssm\.m2\repository\io\opentelemetry\opentelemetry-sdk-extension-autoconfigure-spi\1.37.0\opentelemetry-sdk-extension-autoconfigure-spi-1.37.0.jar;C:\Users\imssm\.m2\repository\io\opentelemetry\opentelemetry-sdk-extension-autoconfigure\1.37.0\opentelemetry-sdk-extension-autoconfigure-1.37.0.jar;C:\Users\imssm\.m2\repository\io\opentelemetry\opentelemetry-api-incubator\1.37.0-alpha\opentelemetry-api-incubator-1.37.0-alpha.jar;C:\Users\imssm\.m2\repository\io\opentelemetry\opentelemetry-sdk-trace\1.37.0\opentelemetry-sdk-trace-1.37.0.jar;C:\Users\imssm\.m2\repository\io\opentelemetry\opentelemetry-sdk\1.37.0\opentelemetry-sdk-1.37.0.jar;C:\Users\imssm\.m2\repository\io\opentelemetry\opentelemetry-sdk-metrics\1.37.0\opentelemetry-sdk-metrics-1.37.0.jar;C:\Users\imssm\.m2\repository\io\opentelemetry\opentelemetry-sdk-logs\1.37.0\opentelemetry-sdk-logs-1.37.0.jar;C:\Users\imssm\.m2\repository\net\bytebuddy\byte-buddy\1.14.14\byte-buddy-1.14.14.jar;C:\Users\imssm\.m2\repository\org\seleniumhq\selenium\selenium-os\4.20.0\selenium-os-4.20.0.jar;C:\Users\imssm\.m2\repository\org\seleniumhq\selenium\selenium-safari-driver\4.20.0\selenium-safari-driver-4.20.0.jar;C:\Users\imssm\.m2\repository\org\seleniumhq\selenium\selenium-support\4.20.0\selenium-support-4.20.0.jar;C:\Users\imssm\.m2\repository\io\cucumber\cucumber-java\7.14.0\cucumber-java-7.14.0.jar;C:\Users\imssm\.m2\repository\io\cucumber\cucumber-core\7.14.0\cucumber-core-7.14.0.jar;C:\Users\imssm\.m2\repository\io\cucumber\cucumber-gherkin\7.14.0\cucumber-gherkin-7.14.0.jar;C:\Users\imssm\.m2\repository\io\cucumber\cucumber-gherkin-messages\7.14.0\cucumber-gherkin-messages-7.14.0.jar;C:\Users\imssm\.m2\repository\io\cucumber\gherkin\26.2.0\gherkin-26.2.0.jar;C:\Users\imssm\.m2\repository\io\cucumber\messages\22.0.0\messages-22.0.0.jar;C:\Users\imssm\.m2\repository\io\cucumber\tag-expressions\5.0.6\tag-expressions-5.0.6.jar;C:\Users\imssm\.m2\repository\io\cucumber\cucumber-expressions\16.1.2\cucumber-expressions-16.1.2.jar;C:\Users\imssm\.m2\repository\io\cucumber\datatable\7.14.0\datatable-7.14.0.jar;C:\Users\imssm\.m2\repository\io\cucumber\cucumber-plugin\7.14.0\cucumber-plugin-7.14.0.jar;C:\Users\imssm\.m2\repository\io\cucumber\docstring\7.14.0\docstring-7.14.0.jar;C:\Users\imssm\.m2\repository\io\cucumber\html-formatter\20.4.0\html-formatter-20.4.0.jar;C:\Users\imssm\.m2\repository\io\cucumber\junit-xml-formatter\0.2.0\junit-xml-formatter-0.2.0.jar;C:\Users\imssm\.m2\repository\io\cucumber\ci-environment\9.2.0\ci-environment-9.2.0.jar;C:\Users\imssm\.m2\repository\org\apiguardian\apiguardian-api\1.1.2\apiguardian-api-1.1.2.jar;C:\Users\imssm\.m2\repository\org\slf4j\slf4j-api\2.0.16\slf4j-api-2.0.16.jar;C:\Users\imssm\.m2\repository\com\aventstack\extentreports\5.0.9\extentreports-5.0.9.jar;C:\Users\imssm\.m2\repository\io\reactivex\rxjava3\rxjava\3.0.4\rxjava-3.0.4.jar;C:\Users\imssm\.m2\repository\org\reactivestreams\reactive-streams\1.0.3\reactive-streams-1.0.3.jar;C:\Users\imssm\.m2\repository\org\freemarker\freemarker\2.3.30\freemarker-2.3.30.jar;C:\Users\imssm\.m2\repository\org\projectlombok\lombok\1.18.12\lombok-1.18.12.jar;C:\Users\imssm\.m2\repository\com\google\code\gson\gson\2.8.6\gson-2.8.6.jar;C:\Users\imssm\.m2\repository\com\sikulix\sikulixapi\2.0.5\sikulixapi-2.0.5.jar;C:\Users\imssm\.m2\repository\org\python\jython-slim\2.7.2\jython-slim-2.7.2.jar;C:\Users\imssm\.m2\repository\org\antlr\antlr\3.5.2\antlr-3.5.2.jar;C:\Users\imssm\.m2\repository\org\antlr\ST4\4.0.8\ST4-4.0.8.jar;C:\Users\imssm\.m2\repository\javax\servlet\javax.servlet-api\3.1.0\javax.servlet-api-3.1.0.jar;C:\Users\imssm\.m2\repository\org\antlr\antlr-runtime\3.5.2\antlr-runtime-3.5.2.jar;C:\Users\imssm\.m2\repository\org\apache\commons\commons-compress\1.19\commons-compress-1.19.jar;C:\Users\imssm\.m2\repository\org\bouncycastle\bcpkix-jdk15on\1.62\bcpkix-jdk15on-1.62.jar;C:\Users\imssm\.m2\repository\org\bouncycastle\bcprov-jdk15on\1.62\bcprov-jdk15on-1.62.jar;C:\Users\imssm\.m2\repository\org\ow2\asm\asm\7.1\asm-7.1.jar;C:\Users\imssm\.m2\repository\org\ow2\asm\asm-commons\7.1\asm-commons-7.1.jar;C:\Users\imssm\.m2\repository\org\ow2\asm\asm-tree\7.1\asm-tree-7.1.jar;C:\Users\imssm\.m2\repository\org\ow2\asm\asm-analysis\7.1\asm-analysis-7.1.jar;C:\Users\imssm\.m2\repository\org\ow2\asm\asm-util\7.1\asm-util-7.1.jar;C:\Users\imssm\.m2\repository\com\google\guava\failureaccess\1.0.1\failureaccess-1.0.1.jar;C:\Users\imssm\.m2\repository\com\ibm\icu\icu4j\59.1\icu4j-59.1.jar;C:\Users\imssm\.m2\repository\com\carrotsearch\java-sizeof\0.0.5\java-sizeof-0.0.5.jar;C:\Users\imssm\.m2\repository\com\github\jnr\jffi\1.2.20\jffi-1.2.20.jar;C:\Users\imssm\.m2\repository\com\github\jnr\jnr-netdb\1.1.6\jnr-netdb-1.1.6.jar;C:\Users\imssm\.m2\repository\com\github\jnr\jnr-ffi\2.1.10\jnr-ffi-2.1.10.jar;C:\Users\imssm\.m2\repository\com\github\jnr\jffi\1.2.19\jffi-1.2.19-native.jar;C:\Users\imssm\.m2\repository\com\github\jnr\jnr-a64asm\1.0.0\jnr-a64asm-1.0.0.jar;C:\Users\imssm\.m2\repository\com\github\jnr\jnr-x86asm\1.0.2\jnr-x86asm-1.0.2.jar;C:\Users\imssm\.m2\repository\com\github\jnr\jnr-posix\3.0.50\jnr-posix-3.0.50.jar;C:\Users\imssm\.m2\repository\com\github\jnr\jnr-constants\0.9.12\jnr-constants-0.9.12.jar;C:\Users\imssm\.m2\repository\jline\jline\2.14.5\jline-2.14.5.jar;C:\Users\imssm\.m2\repository\io\netty\netty-buffer\4.1.45.Final\netty-buffer-4.1.45.Final.jar;C:\Users\imssm\.m2\repository\io\netty\netty-codec\4.1.45.Final\netty-codec-4.1.45.Final.jar;C:\Users\imssm\.m2\repository\io\netty\netty-common\4.1.45.Final\netty-common-4.1.45.Final.jar;C:\Users\imssm\.m2\repository\io\netty\netty-handler\4.1.45.Final\netty-handler-4.1.45.Final.jar;C:\Users\imssm\.m2\repository\io\netty\netty-resolver\4.1.45.Final\netty-resolver-4.1.45.Final.jar;C:\Users\imssm\.m2\repository\io\netty\netty-transport\4.1.45.Final\netty-transport-4.1.45.Final.jar;C:\Users\imssm\.m2\repository\org\apache\ant\ant\1.9.7\ant-1.9.7.jar;C:\Users\imssm\.m2\repository\org\apache\ant\ant-launcher\1.9.7\ant-launcher-1.9.7.jar;C:\Users\imssm\.m2\repository\com\sikulix\sikulix2tigervnc\1.1.4\sikulix2tigervnc-1.1.4.jar;C:\Users\imssm\.m2\repository\org\openpnp\opencv\4.3.0-3\opencv-4.3.0-3.jar;C:\Users\imssm\.m2\repository\commons-cli\commons-cli\1.4\commons-cli-1.4.jar;C:\Users\imssm\.m2\repository\org\apache\commons\commons-exec\1.3\commons-exec-1.3.jar;C:\Users\imssm\.m2\repository\net\java\dev\jna\jna-platform\5.6.0\jna-platform-5.6.0.jar;C:\Users\imssm\.m2\repository\net\java\dev\jna\jna\5.6.0\jna-5.6.0.jar;C:\Users\imssm\.m2\repository\net\oneandone\reflections8\reflections8\0.11.6\reflections8-0.11.6.jar;C:\Users\imssm\.m2\repository\org\javassist\javassist\3.22.0-GA\javassist-3.22.0-GA.jar;C:\Users\imssm\.m2\repository\net\sourceforge\tess4j\tess4j\4.5.4\tess4j-4.5.4.jar;C:\Users\imssm\.m2\repository\com\github\jai-imageio\jai-imageio-core\1.4.0\jai-imageio-core-1.4.0.jar;C:\Users\imssm\.m2\repository\org\ghost4j\ghost4j\1.0.1\ghost4j-1.0.1.jar;C:\Users\imssm\.m2\repository\log4j\log4j\1.2.17\log4j-1.2.17.jar;C:\Users\imssm\.m2\repository\commons-beanutils\commons-beanutils\1.9.2\commons-beanutils-1.9.2.jar;C:\Users\imssm\.m2\repository\commons-collections\commons-collections\3.2.1\commons-collections-3.2.1.jar;C:\Users\imssm\.m2\repository\org\apache\xmlgraphics\xmlgraphics-commons\1.4\xmlgraphics-commons-1.4.jar;C:\Users\imssm\.m2\repository\com\lowagie\itext\2.1.7\itext-2.1.7.jar;C:\Users\imssm\.m2\repository\org\apache\pdfbox\pdfbox\2.0.21\pdfbox-2.0.21.jar;C:\Users\imssm\.m2\repository\org\apache\pdfbox\fontbox\2.0.21\fontbox-2.0.21.jar;C:\Users\imssm\.m2\repository\commons-logging\commons-logging\1.2\commons-logging-1.2.jar;C:\Users\imssm\.m2\repository\org\apache\pdfbox\pdfbox-tools\2.0.21\pdfbox-tools-2.0.21.jar;C:\Users\imssm\.m2\repository\org\apache\pdfbox\pdfbox-debugger\2.0.21\pdfbox-debugger-2.0.21.jar;C:\Users\imssm\.m2\repository\org\apache\pdfbox\jbig2-imageio\3.0.3\jbig2-imageio-3.0.3.jar;C:\Users\imssm\.m2\repository\commons-io\commons-io\2.8.0\commons-io-2.8.0.jar;C:\Users\imssm\.m2\repository\net\sourceforge\lept4j\lept4j\1.13.2\lept4j-1.13.2.jar;C:\Users\imssm\.m2\repository\org\jboss\jboss-vfs\3.2.15.Final\jboss-vfs-3.2.15.Final.jar;C:\Users\imssm\.m2\repository\org\jboss\logging\jboss-logging\3.1.4.GA\jboss-logging-3.1.4.GA.jar;C:\Users\imssm\.m2\repository\org\slf4j\slf4j-nop\1.7.28\slf4j-nop-1.7.28.jar;C:\Users\imssm\.m2\repository\net\sf\py4j\py4j\0.10.9.1\py4j-0.10.9.1.jar;E:\MyProjects\jp-api-testing-main\jp-api-testing-main\target\classes;C:\Users\imssm\.m2\repository\ch\qos\logback\logback-classic\1.4.12\logback-classic-1.4.12.jar;C:\Users\imssm\.m2\repository\ch\qos\logback\logback-core\1.4.12\logback-core-1.4.12.jar;C:\Users\imssm\.m2\repository\org\json\json\20231013\json-20231013.jar;C:\Users\imssm\.m2\repository\net\serenity-bdd\serenity-rest-assured\4.2.13\serenity-rest-assured-4.2.13.jar;C:\Users\imssm\.m2\repository\net\serenity-bdd\serenity-core\4.2.13\serenity-core-4.2.13.jar;C:\Users\imssm\.m2\repository\net\serenity-bdd\serenity-model\4.2.13\serenity-model-4.2.13.jar;C:\Users\imssm\.m2\repository\org\apache\commons\commons-text\1.12.0\commons-text-1.12.0.jar;C:\Users\imssm\.m2\repository\commons-net\commons-net\3.11.1\commons-net-3.11.1.jar;C:\Users\imssm\.m2\repository\org\jsoup\jsoup\1.15.4\jsoup-1.15.4.jar;C:\Users\imssm\.m2\repository\com\thoughtworks\xstream\xstream\1.4.21\xstream-1.4.21.jar;C:\Users\imssm\.m2\repository\io\github\x-stream\mxparser\1.2.2\mxparser-1.2.2.jar;C:\Users\imssm\.m2\repository\xmlpull\xmlpull\1.1.3.1\xmlpull-1.1.3.1.jar;C:\Users\imssm\.m2\repository\com\opencsv\opencsv\5.9\opencsv-5.9.jar;C:\Users\imssm\.m2\repository\org\apache\commons\commons-collections4\4.4\commons-collections4-4.4.jar;C:\Users\imssm\.m2\repository\com\typesafe\config\1.4.3\config-1.4.3.jar;C:\Users\imssm\.m2\repository\org\imgscalr\imgscalr-lib\4.2\imgscalr-lib-4.2.jar;C:\Users\imssm\.m2\repository\org\awaitility\awaitility\4.2.2\awaitility-4.2.2.jar;C:\Users\imssm\.m2\repository\io\github\classgraph\classgraph\4.8.157\classgraph-4.8.157.jar;C:\Users\imssm\.m2\repository\com\github\ben-manes\caffeine\caffeine\2.9.2\caffeine-2.9.2.jar;C:\Users\imssm\.m2\repository\org\ehcache\ehcache\3.10.8\ehcache-3.10.8.jar;C:\Users\imssm\.m2\repository\javax\cache\cache-api\1.1.0\cache-api-1.1.0.jar;C:\Users\imssm\.m2\repository\net\sourceforge\jexcelapi\jxl\2.6.12\jxl-2.6.12.jar;C:\Users\imssm\.m2\repository\net\bytebuddy\byte-buddy-agent\1.15.11\byte-buddy-agent-1.15.11.jar;C:\Users\imssm\.m2\repository\org\objenesis\objenesis\3.4\objenesis-3.4.jar;C:\Users\imssm\.m2\repository\com\vladsch\flexmark\flexmark-all\0.64.8\flexmark-all-0.64.8.jar;C:\Users\imssm\.m2\repository\com\vladsch\flexmark\flexmark\0.64.8\flexmark-0.64.8.jar;C:\Users\imssm\.m2\repository\com\vladsch\flexmark\flexmark-ext-abbreviation\0.64.8\flexmark-ext-abbreviation-0.64.8.jar;C:\Users\imssm\.m2\repository\com\vladsch\flexmark\flexmark-ext-admonition\0.64.8\flexmark-ext-admonition-0.64.8.jar;C:\Users\imssm\.m2\repository\com\vladsch\flexmark\flexmark-ext-anchorlink\0.64.8\flexmark-ext-anchorlink-0.64.8.jar;C:\Users\imssm\.m2\repository\com\vladsch\flexmark\flexmark-ext-aside\0.64.8\flexmark-ext-aside-0.64.8.jar;C:\Users\imssm\.m2\repository\com\vladsch\flexmark\flexmark-ext-attributes\0.64.8\flexmark-ext-attributes-0.64.8.jar;C:\Users\imssm\.m2\repository\com\vladsch\flexmark\flexmark-ext-autolink\0.64.8\flexmark-ext-autolink-0.64.8.jar;C:\Users\imssm\.m2\repository\org\nibor\autolink\autolink\0.6.0\autolink-0.6.0.jar;C:\Users\imssm\.m2\repository\com\vladsch\flexmark\flexmark-ext-definition\0.64.8\flexmark-ext-definition-0.64.8.jar;C:\Users\imssm\.m2\repository\com\vladsch\flexmark\flexmark-ext-emoji\0.64.8\flexmark-ext-emoji-0.64.8.jar;C:\Users\imssm\.m2\repository\com\vladsch\flexmark\flexmark-ext-enumerated-reference\0.64.8\flexmark-ext-enumerated-reference-0.64.8.jar;C:\Users\imssm\.m2\repository\com\vladsch\flexmark\flexmark-ext-escaped-character\0.64.8\flexmark-ext-escaped-character-0.64.8.jar;C:\Users\imssm\.m2\repository\com\vladsch\flexmark\flexmark-ext-footnotes\0.64.8\flexmark-ext-footnotes-0.64.8.jar;C:\Users\imssm\.m2\repository\com\vladsch\flexmark\flexmark-ext-gfm-issues\0.64.8\flexmark-ext-gfm-issues-0.64.8.jar;C:\Users\imssm\.m2\repository\com\vladsch\flexmark\flexmark-ext-gfm-strikethrough\0.64.8\flexmark-ext-gfm-strikethrough-0.64.8.jar;C:\Users\imssm\.m2\repository\com\vladsch\flexmark\flexmark-ext-gfm-tasklist\0.64.8\flexmark-ext-gfm-tasklist-0.64.8.jar;C:\Users\imssm\.m2\repository\com\vladsch\flexmark\flexmark-ext-gfm-users\0.64.8\flexmark-ext-gfm-users-0.64.8.jar;C:\Users\imssm\.m2\repository\com\vladsch\flexmark\flexmark-ext-gitlab\0.64.8\flexmark-ext-gitlab-0.64.8.jar;C:\Users\imssm\.m2\repository\com\vladsch\flexmark\flexmark-ext-jekyll-front-matter\0.64.8\flexmark-ext-jekyll-front-matter-0.64.8.jar;C:\Users\imssm\.m2\repository\com\vladsch\flexmark\flexmark-ext-jekyll-tag\0.64.8\flexmark-ext-jekyll-tag-0.64.8.jar;C:\Users\imssm\.m2\repository\com\vladsch\flexmark\flexmark-ext-media-tags\0.64.8\flexmark-ext-media-tags-0.64.8.jar;C:\Users\imssm\.m2\repository\com\vladsch\flexmark\flexmark-ext-macros\0.64.8\flexmark-ext-macros-0.64.8.jar;C:\Users\imssm\.m2\repository\com\vladsch\flexmark\flexmark-ext-ins\0.64.8\flexmark-ext-ins-0.64.8.jar;C:\Users\imssm\.m2\repository\com\vladsch\flexmark\flexmark-ext-xwiki-macros\0.64.8\flexmark-ext-xwiki-macros-0.64.8.jar;C:\Users\imssm\.m2\repository\com\vladsch\flexmark\flexmark-ext-superscript\0.64.8\flexmark-ext-superscript-0.64.8.jar;C:\Users\imssm\.m2\repository\com\vladsch\flexmark\flexmark-ext-toc\0.64.8\flexmark-ext-toc-0.64.8.jar;C:\Users\imssm\.m2\repository\com\vladsch\flexmark\flexmark-ext-typographic\0.64.8\flexmark-ext-typographic-0.64.8.jar;C:\Users\imssm\.m2\repository\com\vladsch\flexmark\flexmark-ext-wikilink\0.64.8\flexmark-ext-wikilink-0.64.8.jar;C:\Users\imssm\.m2\repository\com\vladsch\flexmark\flexmark-ext-yaml-front-matter\0.64.8\flexmark-ext-yaml-front-matter-0.64.8.jar;C:\Users\imssm\.m2\repository\com\vladsch\flexmark\flexmark-ext-youtube-embedded\0.64.8\flexmark-ext-youtube-embedded-0.64.8.jar;C:\Users\imssm\.m2\repository\com\vladsch\flexmark\flexmark-html2md-converter\0.64.8\flexmark-html2md-converter-0.64.8.jar;C:\Users\imssm\.m2\repository\com\vladsch\flexmark\flexmark-jira-converter\0.64.8\flexmark-jira-converter-0.64.8.jar;C:\Users\imssm\.m2\repository\com\vladsch\flexmark\flexmark-pdf-converter\0.64.8\flexmark-pdf-converter-0.64.8.jar;C:\Users\imssm\.m2\repository\com\openhtmltopdf\openhtmltopdf-core\1.0.10\openhtmltopdf-core-1.0.10.jar;C:\Users\imssm\.m2\repository\com\openhtmltopdf\openhtmltopdf-pdfbox\1.0.10\openhtmltopdf-pdfbox-1.0.10.jar;C:\Users\imssm\.m2\repository\org\apache\pdfbox\xmpbox\2.0.24\xmpbox-2.0.24.jar;C:\Users\imssm\.m2\repository\de\rototor\pdfbox\graphics2d\0.32\graphics2d-0.32.jar;C:\Users\imssm\.m2\repository\com\openhtmltopdf\openhtmltopdf-rtl-support\1.0.10\openhtmltopdf-rtl-support-1.0.10.jar;C:\Users\imssm\.m2\repository\com\vladsch\flexmark\flexmark-profile-pegdown\0.64.8\flexmark-profile-pegdown-0.64.8.jar;C:\Users\imssm\.m2\repository\com\vladsch\flexmark\flexmark-util-ast\0.64.8\flexmark-util-ast-0.64.8.jar;C:\Users\imssm\.m2\repository\org\jetbrains\annotations\24.0.1\annotations-24.0.1.jar;C:\Users\imssm\.m2\repository\com\vladsch\flexmark\flexmark-util-builder\0.64.8\flexmark-util-builder-0.64.8.jar;C:\Users\imssm\.m2\repository\com\vladsch\flexmark\flexmark-util-collection\0.64.8\flexmark-util-collection-0.64.8.jar;C:\Users\imssm\.m2\repository\com\vladsch\flexmark\flexmark-util-data\0.64.8\flexmark-util-data-0.64.8.jar;C:\Users\imssm\.m2\repository\com\vladsch\flexmark\flexmark-util-dependency\0.64.8\flexmark-util-dependency-0.64.8.jar;C:\Users\imssm\.m2\repository\com\vladsch\flexmark\flexmark-util-format\0.64.8\flexmark-util-format-0.64.8.jar;C:\Users\imssm\.m2\repository\com\vladsch\flexmark\flexmark-util-html\0.64.8\flexmark-util-html-0.64.8.jar;C:\Users\imssm\.m2\repository\com\vladsch\flexmark\flexmark-util-misc\0.64.8\flexmark-util-misc-0.64.8.jar;C:\Users\imssm\.m2\repository\com\vladsch\flexmark\flexmark-util-options\0.64.8\flexmark-util-options-0.64.8.jar;C:\Users\imssm\.m2\repository\com\vladsch\flexmark\flexmark-util-sequence\0.64.8\flexmark-util-sequence-0.64.8.jar;C:\Users\imssm\.m2\repository\com\vladsch\flexmark\flexmark-util-visitor\0.64.8\flexmark-util-visitor-0.64.8.jar;C:\Users\imssm\.m2\repository\com\vladsch\flexmark\flexmark-youtrack-converter\0.64.8\flexmark-youtrack-converter-0.64.8.jar;C:\Users\imssm\.m2\repository\com\vladsch\flexmark\flexmark-ext-resizable-image\0.64.8\flexmark-ext-resizable-image-0.64.8.jar;C:\Users\imssm\.m2\repository\com\vladsch\flexmark\flexmark-ext-tables\0.64.8\flexmark-ext-tables-0.64.8.jar;C:\Users\imssm\.m2\repository\com\vladsch\flexmark\flexmark-util\0.64.8\flexmark-util-0.64.8.jar;C:\Users\imssm\.m2\repository\net\serenity-bdd\serenity-reports\4.2.13\serenity-reports-4.2.13.jar;C:\Users\imssm\.m2\repository\net\serenity-bdd\serenity-stats\4.2.13\serenity-stats-4.2.13.jar;C:\Users\imssm\.m2\repository\org\jetbrains\kotlin\kotlin-stdlib\2.1.0\kotlin-stdlib-2.1.0.jar;C:\Users\imssm\.m2\repository\net\serenity-bdd\serenity-reports-configuration\4.2.13\serenity-reports-configuration-4.2.13.jar;C:\Users\imssm\.m2\repository\es\nitaur\markdown\txtmark\0.16\txtmark-0.16.jar;C:\Users\imssm\.m2\repository\net\serenity-bdd\serenity-report-resources\4.2.13\serenity-report-resources-4.2.13.jar;C:\Users\imssm\.m2\repository\com\fasterxml\jackson\core\jackson-core\2.18.1\jackson-core-2.18.1.jar;C:\Users\imssm\.m2\repository\com\fasterxml\jackson\core\jackson-databind\2.18.1\jackson-databind-2.18.1.jar;C:\Users\imssm\.m2\repository\com\fasterxml\jackson\core\jackson-annotations\2.18.1\jackson-annotations-2.18.1.jar;C:\Users\imssm\.m2\repository\commons-codec\commons-codec\1.17.1\commons-codec-1.17.1.jar;C:\Users\imssm\.m2\repository\org\htmlunit\htmlunit\4.7.0\htmlunit-4.7.0.jar;C:\Users\imssm\.m2\repository\org\htmlunit\htmlunit-core-js\4.7.0\htmlunit-core-js-4.7.0.jar;C:\Users\imssm\.m2\repository\org\htmlunit\neko-htmlunit\4.7.0\neko-htmlunit-4.7.0.jar;C:\Users\imssm\.m2\repository\org\htmlunit\htmlunit-cssparser\4.7.0\htmlunit-cssparser-4.7.0.jar;C:\Users\imssm\.m2\repository\org\htmlunit\htmlunit-xpath\4.7.0\htmlunit-xpath-4.7.0.jar;C:\Users\imssm\.m2\repository\org\htmlunit\htmlunit-csp\4.7.0\htmlunit-csp-4.7.0.jar;C:\Users\imssm\.m2\repository\org\htmlunit\htmlunit-websocket-client\4.7.0\htmlunit-websocket-client-4.7.0.jar;C:\Users\imssm\.m2\repository\org\brotli\dec\0.1.2\dec-0.1.2.jar;C:\Users\imssm\.m2\repository\org\seleniumhq\selenium\htmlunit3-driver\4.27.0\htmlunit3-driver-4.27.0.jar;C:\Users\imssm\.m2\repository\io\appium\java-client\9.3.0\java-client-9.3.0.jar;C:\Users\imssm\.m2\repository\net\sf\opencsv\opencsv\2.3\opencsv-2.3.jar;C:\Users\imssm\.m2\repository\org\fluentlenium\fluentlenium-core\0.10.2\fluentlenium-core-0.10.2.jar;C:\Users\imssm\.m2\repository\com\jhlabs\filters\2.0.235\filters-2.0.235.jar;C:\Users\imssm\.m2\repository\com\paulhammant\ngwebdriver\1.2\ngwebdriver-1.2.jar;C:\Users\imssm\.m2\repository\joda-time\joda-time\2.13.0\joda-time-2.13.0.jar;C:\Users\imssm\.m2\repository\org\hamcrest\hamcrest\2.2\hamcrest-2.2.jar;C:\Users\imssm\.m2\repository\com\google\jimfs\jimfs\1.3.0\jimfs-1.3.0.jar;C:\Users\imssm\.m2\repository\org\mockito\mockito-core\3.3.3\mockito-core-3.3.3.jar;C:\Users\imssm\.m2\repository\javax\xml\bind\jaxb-api\2.3.1\jaxb-api-2.3.1.jar;C:\Users\imssm\.m2\repository\javax\activation\javax.activation-api\1.2.0\javax.activation-api-1.2.0.jar;C:\Users\imssm\.m2\repository\com\sun\xml\bind\jaxb-core\2.3.0.1\jaxb-core-2.3.0.1.jar;C:\Users\imssm\.m2\repository\com\sun\xml\bind\jaxb-impl\2.3.3\jaxb-impl-2.3.3.jar;C:\Users\imssm\.m2\repository\jakarta\xml\bind\jakarta.xml.bind-api\2.3.3\jakarta.xml.bind-api-2.3.3.jar;C:\Users\imssm\.m2\repository\com\sun\activation\jakarta.activation\1.2.2\jakarta.activation-1.2.2.jar;C:\Users\imssm\.m2\repository\javax\activation\activation\1.1.1\activation-1.1.1.jar;C:\Users\imssm\.m2\repository\org\apache\httpcomponents\httpclient\4.5.13\httpclient-4.5.13.jar;C:\Users\imssm\.m2\repository\org\apache\httpcomponents\httpcore\4.4.13\httpcore-4.4.13.jar;C:\Users\imssm\.m2\repository\io\rest-assured\rest-assured\5.5.0\rest-assured-5.5.0.jar;C:\Users\imssm\.m2\repository\org\apache\httpcomponents\httpmime\4.5.13\httpmime-4.5.13.jar;C:\Users\imssm\.m2\repository\org\ccil\cowan\tagsoup\tagsoup\1.2.1\tagsoup-1.2.1.jar;C:\Users\imssm\.m2\repository\io\rest-assured\json-path\5.5.0\json-path-5.5.0.jar;C:\Users\imssm\.m2\repository\io\rest-assured\rest-assured-common\5.5.0\rest-assured-common-5.5.0.jar;C:\Users\imssm\.m2\repository\io\rest-assured\xml-path\5.5.0\xml-path-5.5.0.jar;C:\Users\imssm\.m2\repository\org\apache\groovy\groovy-json\4.0.23\groovy-json-4.0.23.jar;C:\Users\imssm\.m2\repository\org\apache\groovy\groovy-xml\4.0.23\groovy-xml-4.0.23.jar;C:\Users\imssm\.m2\repository\org\apache\groovy\groovy\4.0.23\groovy-4.0.23.jar;C:\Users\imssm\.m2\repository\org\opentest4j\opentest4j\1.3.0\opentest4j-1.3.0.jar;C:\Users\imssm\.m2\repository\com\github\javafaker\javafaker\1.0.2\javafaker-1.0.2.jar;C:\Users\imssm\.m2\repository\org\apache\commons\commons-lang3\3.5\commons-lang3-3.5.jar;C:\Users\imssm\.m2\repository\org\yaml\snakeyaml\1.23\snakeyaml-1.23-android.jar;C:\Users\imssm\.m2\repository\com\github\mifmif\generex\1.0.2\generex-1.0.2.jar;C:\Users\imssm\.m2\repository\dk\brics\automaton\automaton\1.11-8\automaton-1.11-8.jar
Launcher Type: SUN_STANDARD

[Global flags]
     intx CICompilerCount                          = 3                                         {product} {ergonomic}
     uint ConcGCThreads                            = 1                                         {product} {ergonomic}
     uint G1ConcRefinementThreads                  = 4                                         {product} {ergonomic}
   size_t G1HeapRegionSize                         = 1048576                                   {product} {ergonomic}
    uintx GCDrainStackTargetSize                   = 64                                        {product} {ergonomic}
   size_t InitialHeapSize                          = 94371840                                  {product} {ergonomic}
   size_t MarkStackSize                            = 4194304                                   {product} {ergonomic}
   size_t MaxHeapSize                              = 1501560832                                {product} {ergonomic}
   size_t MaxNewSize                               = 900726784                                 {product} {ergonomic}
   size_t MinHeapDeltaBytes                        = 1048576                                   {product} {ergonomic}
   size_t MinHeapSize                              = 8388608                                   {product} {ergonomic}
    uintx NonNMethodCodeHeapSize                   = 5832780                                {pd product} {ergonomic}
    uintx NonProfiledCodeHeapSize                  = 122912730                              {pd product} {ergonomic}
    uintx ProfiledCodeHeapSize                     = 122912730                              {pd product} {ergonomic}
    uintx ReservedCodeCacheSize                    = 251658240                              {pd product} {ergonomic}
     bool SegmentedCodeCache                       = true                                      {product} {ergonomic}
     bool ShowCodeDetailsInExceptionMessages       = true                                   {manageable} {command line}
   size_t SoftMaxHeapSize                          = 1501560832                             {manageable} {ergonomic}
     bool UseCompressedOops                        = true                           {product lp64_product} {ergonomic}
     bool UseG1GC                                  = true                                      {product} {ergonomic}
     bool UseLargePagesIndividualAllocation        = false                                  {pd product} {ergonomic}

Logging:
Log output configuration:
 #0: stdout all=warning uptime,level,tags foldmultilines=false
 #1: stderr all=off uptime,level,tags foldmultilines=false

Environment Variables:
PATH=E:/Software/eclipse_2025-09-R/eclipse//plugins/org.eclipse.justj.openjdk.hotspot.jre.full.win32.x86_64_21.0.8.v20250724-1412/jre/bin/server;E:/Software/eclipse_2025-09-R/eclipse//plugins/org.eclipse.justj.openjdk.hotspot.jre.full.win32.x86_64_21.0.8.v20250724-1412/jre/bin;C:\Program Files\Common Files\Oracle\Java\javapath;C:\Windows\system32;C:\Windows;C:\Windows\System32\Wbem;C:\Windows\System32\WindowsPowerShell\v1.0\;C:\Windows\System32\OpenSSH\;C:\ProgramData\chocolatey\bin;C:\Program Files\nodejs\node_modules;C:\Program Files\apache-maven-3.9.4-bin\apache-maven-3.9.4\bin;C:\Program Files\Git\cmd;C:\Program Files\dotnet\;C:\Program Files\nodejs\;C:\Users\imssm\AppData\Local\Programs\Python\Launcher\;C:\Users\imssm\AppData\Local\Microsoft\WindowsApps;C:\Users\imssm\AppData\Local\Programs\Microsoft VS Code\bin;C:\Program Files\TestProject Agent;C:\Users\imssm\AppData\Roaming\npm;E:\Software\eclipse_2025-09-R\eclipse;
USERNAME=imssm
OS=Windows_NT
PROCESSOR_IDENTIFIER=Intel64 Family 6 Model 42 Stepping 7, GenuineIntel
TMP=C:\Users\imssm\AppData\Local\Temp
TEMP=C:\Users\imssm\AppData\Local\Temp




Periodic native trim disabled

---------------  S Y S T E M  ---------------

OS:
 Windows 11 , 64 bit Build 22621 (10.0.22621.3958)
OS uptime: 1 days 2:11 hours

CPU: total 4 (initial active 4) (2 cores per cpu, 2 threads per core) family 6 model 42 stepping 7 microcode 0x2f, cx8, cmov, fxsr, ht, mmx, sse, sse2, sse3, ssse3, sse4.1, sse4.2, popcnt, tsc, tscinvbit, avx, clmul, vzeroupper, clflush, rdtscp
Processor Information for the first 4 processors :
  Max Mhz: 2200, Current Mhz: 2200, Mhz Limit: 2200

Memory: 4k page, system-wide physical 5726M (472M free)
TotalPageFile size 7774M (AvailPageFile size 4M)
current process WorkingSet (physical memory assigned to process): 118M, peak: 118M
current process commit charge ("private bytes"): 207M, peak: 207M

vm_info: OpenJDK 64-Bit Server VM (21.0.8+9-LTS) for windows-amd64 JRE (21.0.8+9-LTS), built on 2025-07-15T00:00:00Z by "admin" with MS VC++ 17.7 (VS2022)

END.
